TN:
SF:src/components/actions/accordion/Accordion.tsx
FN:67,(anonymous_0)
FN:82,(anonymous_1)
FN:89,(anonymous_2)
FN:103,(anonymous_3)
FN:139,(anonymous_4)
FN:155,(anonymous_5)
FNF:6
FNH:3
FNDA:1,(anonymous_0)
FNDA:2,(anonymous_1)
FNDA:0,(anonymous_2)
FNDA:0,(anonymous_3)
FNDA:0,(anonymous_4)
FNDA:2,(anonymous_5)
DA:67,1
DA:80,1
DA:82,1
DA:85,2
DA:86,2
DA:89,1
DA:92,0
DA:93,0
DA:96,1
DA:104,0
DA:109,0
DA:117,1
DA:139,0
DA:155,2
LF:14
LH:9
BRDA:71,0,0,1
BRDA:75,1,0,1
BRDA:76,2,0,1
BRDA:100,3,0,1
BRDA:100,3,1,0
BRDA:101,4,0,1
BRDA:101,4,1,0
BRDA:104,5,0,0
BRDA:104,5,1,0
BRDA:105,6,0,0
BRDA:105,6,1,0
BRDA:105,6,2,0
BRDA:127,7,0,0
BRDA:127,7,1,1
BRDA:133,8,0,0
BRDA:133,8,1,0
BRDA:147,9,0,0
BRDA:147,9,1,1
BRDA:156,10,0,1
BRDA:156,10,1,1
BRDA:156,10,2,0
BRDA:158,11,0,0
BRDA:158,11,1,0
BRDA:161,12,0,1
BRDA:161,12,1,0
BRF:25
BRH:10
end_of_record
TN:
SF:src/components/actions/button/Button.figma.tsx
FN:30,(anonymous_0)
FNF:1
FNH:0
FNDA:0,(anonymous_0)
DA:4,0
DA:31,0
LF:2
LH:0
BRF:0
BRH:0
end_of_record
TN:
SF:src/components/actions/button/Button.tsx
FN:165,(anonymous_0)
FN:174,(anonymous_1)
FN:178,(anonymous_2)
FN:185,(anonymous_3)
FN:190,(anonymous_4)
FN:195,(anonymous_5)
FN:223,(anonymous_6)
FN:242,(anonymous_7)
FN:243,(anonymous_8)
FN:244,(anonymous_9)
FN:246,(anonymous_10)
FN:271,(anonymous_11)
FN:280,(anonymous_12)
FN:283,(anonymous_13)
FN:286,(anonymous_14)
FN:289,(anonymous_15)
FN:346,(anonymous_16)
FN:375,(anonymous_17)
FN:410,(anonymous_18)
FN:419,(anonymous_19)
FN:422,(anonymous_20)
FN:425,(anonymous_21)
FN:428,(anonymous_22)
FN:472,(anonymous_23)
FNF:24
FNH:22
FNDA:84,(anonymous_0)
FNDA:84,(anonymous_1)
FNDA:3,(anonymous_2)
FNDA:43,(anonymous_3)
FNDA:37,(anonymous_4)
FNDA:64,(anonymous_5)
FNDA:64,(anonymous_6)
FNDA:256,(anonymous_7)
FNDA:0,(anonymous_8)
FNDA:29,(anonymous_9)
FNDA:93,(anonymous_10)
FNDA:1,(anonymous_11)
FNDA:12,(anonymous_12)
FNDA:7,(anonymous_13)
FNDA:9,(anonymous_14)
FNDA:1,(anonymous_15)
FNDA:0,(anonymous_16)
FNDA:89,(anonymous_17)
FNDA:2,(anonymous_18)
FNDA:3,(anonymous_19)
FNDA:1,(anonymous_20)
FNDA:4,(anonymous_21)
FNDA:2,(anonymous_22)
FNDA:153,(anonymous_23)
DA:1,26
DA:150,84
DA:152,26
DA:166,84
DA:167,84
DA:174,84
DA:175,84
DA:177,84
DA:178,3
DA:179,3
DA:182,84
DA:185,43
DA:186,43
DA:190,37
DA:191,37
DA:195,64
DA:196,64
DA:198,64
DA:199,0
DA:202,26
DA:223,64
DA:237,64
DA:238,64
DA:240,64
DA:242,256
DA:243,64
DA:244,64
DA:245,29
DA:246,64
DA:247,93
DA:251,64
DA:272,1
DA:276,1
DA:277,1
DA:281,12
DA:284,7
DA:287,9
DA:290,1
DA:346,0
DA:347,0
DA:349,0
DA:375,89
DA:390,89
DA:391,89
DA:393,89
DA:411,2
DA:415,2
DA:416,2
DA:420,3
DA:423,1
DA:426,4
DA:429,2
DA:473,153
DA:475,153
DA:476,89
LF:55
LH:51
BRDA:177,0,0,3
BRDA:177,0,1,81
BRDA:179,1,0,3
BRDA:179,1,1,0
BRDA:198,2,0,0
BRDA:198,2,1,64
BRDA:198,3,0,64
BRDA:198,3,1,64
BRDA:198,3,2,64
BRDA:201,4,0,0
BRDA:201,4,1,0
BRDA:208,5,0,0
BRDA:208,5,1,0
BRDA:208,5,2,0
BRDA:208,5,3,0
BRDA:214,6,0,0
BRDA:214,6,1,0
BRDA:216,7,0,0
BRDA:216,7,1,0
BRDA:240,8,0,64
BRDA:240,8,1,0
BRDA:242,9,0,0
BRDA:242,9,1,256
BRDA:243,10,0,0
BRDA:243,10,1,0
BRDA:245,11,0,0
BRDA:245,11,1,29
BRDA:247,12,0,0
BRDA:247,12,1,93
BRDA:247,13,0,93
BRDA:247,13,1,0
BRDA:259,14,0,64
BRDA:259,14,1,0
BRDA:260,15,0,64
BRDA:260,15,1,0
BRDA:263,16,0,64
BRDA:263,16,1,64
BRDA:265,17,0,64
BRDA:265,17,1,0
BRDA:265,18,0,64
BRDA:265,18,1,0
BRDA:266,19,0,64
BRDA:266,19,1,0
BRDA:269,20,0,64
BRDA:269,20,1,64
BRDA:272,21,0,1
BRDA:272,21,1,0
BRDA:272,22,0,1
BRDA:272,22,1,1
BRDA:272,22,2,1
BRDA:272,22,3,0
BRDA:277,23,0,0
BRDA:277,23,1,1
BRDA:279,24,0,64
BRDA:279,24,1,0
BRDA:279,25,0,64
BRDA:279,25,1,64
BRDA:281,26,0,0
BRDA:281,26,1,12
BRDA:284,27,0,0
BRDA:284,27,1,7
BRDA:287,28,0,0
BRDA:287,28,1,9
BRDA:290,29,0,0
BRDA:290,29,1,1
BRDA:295,30,0,64
BRDA:295,30,1,29
BRDA:306,31,0,64
BRDA:306,31,1,64
BRDA:309,32,0,64
BRDA:309,32,1,0
BRDA:321,33,0,64
BRDA:321,33,1,3
BRDA:332,34,0,64
BRDA:332,34,1,0
BRDA:332,34,2,0
BRDA:334,35,0,0
BRDA:334,35,1,0
BRDA:335,36,0,0
BRDA:335,36,1,0
BRDA:401,37,0,89
BRDA:401,37,1,5
BRDA:402,38,0,89
BRDA:402,38,1,0
BRDA:403,39,0,89
BRDA:403,39,1,0
BRDA:405,40,0,89
BRDA:405,40,1,89
BRDA:406,41,0,13
BRDA:406,41,1,76
BRDA:407,42,0,89
BRDA:407,42,1,89
BRDA:411,43,0,2
BRDA:411,43,1,0
BRDA:411,44,0,2
BRDA:411,44,1,2
BRDA:411,44,2,2
BRDA:413,45,0,2
BRDA:413,45,1,2
BRDA:416,46,0,0
BRDA:416,46,1,2
BRDA:418,47,0,89
BRDA:418,47,1,0
BRDA:418,48,0,89
BRDA:418,48,1,89
BRDA:420,49,0,2
BRDA:420,49,1,1
BRDA:423,50,0,1
BRDA:423,50,1,0
BRDA:426,51,0,2
BRDA:426,51,1,2
BRDA:429,52,0,1
BRDA:429,52,1,1
BRDA:434,53,0,89
BRDA:434,53,1,0
BRDA:437,54,0,0
BRDA:437,54,1,89
BRDA:439,55,0,2
BRDA:439,55,1,87
BRDA:445,56,0,0
BRDA:445,56,1,0
BRDA:445,57,0,0
BRDA:445,57,1,0
BRDA:457,58,0,89
BRDA:457,58,1,6
BRDA:457,58,2,6
BRDA:457,58,3,4
BRDA:459,59,0,4
BRDA:459,59,1,4
BRDA:460,60,0,4
BRDA:460,60,1,4
BRDA:466,61,0,89
BRDA:466,61,1,0
BRDA:475,62,0,64
BRDA:475,62,1,89
BRDA:475,63,0,0
BRDA:475,63,1,64
BRF:137
BRH:84
end_of_record
TN:
SF:src/components/actions/card/Card.tsx
FN:41,(anonymous_0)
FN:57,(anonymous_1)
FN:58,(anonymous_2)
FN:59,(anonymous_3)
FN:60,(anonymous_4)
FN:61,(anonymous_5)
FNF:6
FNH:3
FNDA:12,(anonymous_0)
FNDA:4,(anonymous_1)
FNDA:0,(anonymous_2)
FNDA:4,(anonymous_3)
FNDA:0,(anonymous_4)
FNDA:0,(anonymous_5)
DA:1,1
DA:41,1
DA:42,12
DA:51,12
DA:53,12
DA:57,4
DA:58,0
DA:59,4
DA:60,0
DA:62,0
DA:63,0
DA:73,1
LF:12
LH:8
BRDA:49,0,0,12
BRDA:55,1,0,12
BRDA:55,1,1,3
BRDA:62,2,0,0
BRDA:62,2,1,0
BRDA:62,3,0,0
BRDA:62,3,1,0
BRDA:63,4,0,0
BRDA:63,4,1,0
BRDA:68,5,0,12
BRDA:68,5,1,12
BRDA:74,6,0,12
BRDA:74,6,1,9
BRDA:80,7,0,9
BRDA:80,7,1,6
BRDA:89,8,0,12
BRDA:89,8,1,9
BRDA:102,9,0,12
BRDA:102,9,1,12
BRDA:111,10,0,12
BRDA:111,10,1,12
BRF:21
BRH:15
end_of_record
TN:
SF:src/components/actions/knob/Knob.tsx
FN:103,(anonymous_0)
FN:113,(anonymous_1)
FN:121,(anonymous_2)
FN:124,(anonymous_3)
FN:127,(anonymous_4)
FN:135,(anonymous_5)
FN:139,(anonymous_6)
FN:150,(anonymous_7)
FN:161,(anonymous_8)
FN:169,(anonymous_9)
FN:210,(anonymous_10)
FN:219,(anonymous_11)
FN:224,(anonymous_12)
FN:230,(anonymous_13)
FN:235,(anonymous_14)
FN:240,(anonymous_15)
FN:271,(anonymous_16)
FN:276,(anonymous_17)
FNF:18
FNH:7
FNDA:9,(anonymous_0)
FNDA:3,(anonymous_1)
FNDA:3,(anonymous_2)
FNDA:0,(anonymous_3)
FNDA:0,(anonymous_4)
FNDA:0,(anonymous_5)
FNDA:0,(anonymous_6)
FNDA:0,(anonymous_7)
FNDA:44,(anonymous_8)
FNDA:19,(anonymous_9)
FNDA:3,(anonymous_10)
FNDA:0,(anonymous_11)
FNDA:0,(anonymous_12)
FNDA:2,(anonymous_13)
FNDA:0,(anonymous_14)
FNDA:0,(anonymous_15)
FNDA:0,(anonymous_16)
FNDA:0,(anonymous_17)
DA:1,2
DA:98,2
DA:104,9
DA:105,9
DA:113,3
DA:118,3
DA:120,3
DA:122,3
DA:125,0
DA:128,0
DA:129,0
DA:136,0
DA:137,0
DA:140,0
DA:144,3
DA:145,3
DA:150,0
DA:151,0
DA:153,0
DA:154,0
DA:161,44
DA:162,44
DA:163,44
DA:164,44
DA:165,0
DA:184,19
DA:185,19
DA:187,19
DA:211,3
DA:220,0
DA:225,0
DA:226,0
DA:227,0
DA:228,0
DA:231,2
DA:236,0
DA:241,0
DA:249,2
DA:272,0
DA:277,0
DA:278,0
DA:279,0
LF:42
LH:20
BRDA:122,0,0,3
BRDA:122,0,1,0
BRDA:125,1,0,0
BRDA:125,1,1,0
BRDA:128,2,0,0
BRDA:128,2,1,0
BRDA:140,3,0,0
BRDA:140,3,1,0
BRDA:144,4,0,3
BRDA:144,4,1,0
BRDA:153,5,0,0
BRDA:153,5,1,0
BRDA:153,6,0,0
BRDA:153,6,1,0
BRDA:163,7,0,44
BRDA:163,7,1,0
BRDA:164,8,0,44
BRDA:164,8,1,0
BRDA:191,9,0,19
BRDA:191,9,1,0
BRDA:191,10,0,19
BRDA:191,10,1,19
BRDA:191,10,2,0
BRDA:196,11,0,4
BRDA:196,11,1,15
BRDA:203,12,0,19
BRDA:203,12,1,0
BRDA:204,13,0,19
BRDA:204,13,1,0
BRDA:205,14,0,19
BRDA:205,14,1,0
BRDA:207,15,0,19
BRDA:207,15,1,19
BRDA:209,16,0,19
BRDA:209,16,1,0
BRDA:209,17,0,19
BRDA:209,17,1,19
BRDA:211,18,0,3
BRDA:211,18,1,0
BRDA:211,19,0,3
BRDA:211,19,1,3
BRDA:218,20,0,19
BRDA:218,20,1,0
BRDA:218,21,0,19
BRDA:218,21,1,19
BRDA:220,22,0,0
BRDA:220,22,1,0
BRDA:220,23,0,0
BRDA:220,23,1,0
BRDA:220,23,2,0
BRDA:226,24,0,0
BRDA:226,24,1,0
BRDA:226,25,0,0
BRDA:226,25,1,0
BRDA:226,26,0,0
BRDA:226,26,1,0
BRDA:231,27,0,2
BRDA:231,27,1,0
BRDA:231,28,0,2
BRDA:231,28,1,2
BRDA:236,29,0,0
BRDA:236,29,1,0
BRDA:236,30,0,0
BRDA:236,30,1,0
BRDA:241,31,0,0
BRDA:241,31,1,0
BRDA:241,32,0,0
BRDA:241,32,1,0
BRDA:244,33,0,19
BRDA:244,33,1,16
BRDA:244,33,2,6
BRDA:256,34,0,19
BRDA:256,34,1,0
BRDA:263,35,0,0
BRDA:263,35,1,0
BRDA:277,36,0,0
BRDA:277,36,1,0
BRDA:296,37,0,19
BRDA:296,37,1,10
BRDA:296,37,2,3
BRF:80
BRH:33
end_of_record
TN:
SF:src/components/actions/menu/Menu.tsx
FN:111,(anonymous_0)
FN:127,(anonymous_1)
FN:130,(anonymous_2)
FN:135,(anonymous_3)
FN:158,(anonymous_4)
FN:168,(anonymous_5)
FN:253,(anonymous_6)
FN:256,(anonymous_7)
FN:275,(anonymous_8)
FN:277,(anonymous_9)
FN:286,(anonymous_10)
FN:302,(anonymous_11)
FN:333,(anonymous_12)
FN:354,(anonymous_13)
FN:365,(anonymous_14)
FN:386,(anonymous_15)
FNF:16
FNH:13
FNDA:3,(anonymous_0)
FNDA:3,(anonymous_1)
FNDA:2,(anonymous_2)
FNDA:0,(anonymous_3)
FNDA:3,(anonymous_4)
FNDA:3,(anonymous_5)
FNDA:3,(anonymous_6)
FNDA:9,(anonymous_7)
FNDA:12,(anonymous_8)
FNDA:48,(anonymous_9)
FNDA:48,(anonymous_10)
FNDA:0,(anonymous_11)
FNDA:2,(anonymous_12)
FNDA:1,(anonymous_13)
FNDA:9,(anonymous_14)
FNDA:0,(anonymous_15)
DA:1,4
DA:102,4
DA:112,3
DA:113,3
DA:118,3
DA:119,3
DA:120,3
DA:121,3
DA:122,3
DA:123,3
DA:124,3
DA:127,3
DA:128,3
DA:130,2
DA:131,2
DA:135,0
DA:136,0
DA:137,0
DA:139,0
DA:148,0
DA:152,0
DA:158,3
DA:161,3
DA:162,3
DA:164,3
DA:168,3
DA:169,3
DA:170,3
DA:172,3
DA:174,3
DA:175,3
DA:176,3
DA:177,3
DA:179,3
DA:180,0
DA:181,0
DA:183,3
DA:184,0
DA:185,0
DA:188,3
DA:189,0
DA:190,0
DA:192,3
DA:193,0
DA:194,0
DA:197,3
DA:198,0
DA:199,0
DA:201,0
DA:202,0
DA:203,0
DA:204,0
DA:207,0
DA:212,3
DA:213,0
DA:214,0
DA:216,0
DA:222,3
DA:223,0
DA:224,0
DA:225,0
DA:227,0
DA:230,0
DA:232,0
DA:235,0
DA:236,0
DA:238,0
DA:239,0
DA:243,0
DA:248,3
DA:252,3
DA:253,3
DA:272,9
DA:273,9
DA:275,9
DA:276,12
DA:277,12
DA:278,48
DA:279,48
DA:280,3
DA:282,12
DA:285,9
DA:286,48
DA:289,9
DA:290,9
DA:291,0
DA:292,0
DA:293,4
DA:304,0
DA:311,9
DA:334,2
DA:355,1
DA:366,9
DA:367,6
DA:386,0
DA:393,3
LF:96
LH:57
BRDA:116,0,0,3
BRDA:116,0,1,0
BRDA:139,1,0,0
BRDA:139,1,1,0
BRDA:140,2,0,0
BRDA:140,2,1,0
BRDA:140,2,2,0
BRDA:140,2,3,0
BRDA:140,2,4,0
BRDA:140,2,5,0
BRDA:140,2,6,0
BRDA:140,2,7,0
BRDA:169,3,0,3
BRDA:169,3,1,0
BRDA:179,4,0,0
BRDA:179,4,1,3
BRDA:183,5,0,0
BRDA:183,5,1,3
BRDA:188,6,0,0
BRDA:188,6,1,3
BRDA:192,7,0,0
BRDA:192,7,1,3
BRDA:197,8,0,0
BRDA:197,8,1,3
BRDA:199,9,0,0
BRDA:199,9,1,0
BRDA:201,10,0,0
BRDA:201,10,1,0
BRDA:202,11,0,0
BRDA:202,11,1,0
BRDA:207,12,0,0
BRDA:207,12,1,0
BRDA:208,13,0,0
BRDA:208,13,1,0
BRDA:212,14,0,0
BRDA:212,14,1,3
BRDA:212,15,0,3
BRDA:212,15,1,0
BRDA:214,16,0,0
BRDA:214,16,1,0
BRDA:217,17,0,0
BRDA:217,17,1,0
BRDA:222,18,0,0
BRDA:222,18,1,3
BRDA:224,19,0,0
BRDA:224,19,1,0
BRDA:235,20,0,0
BRDA:235,20,1,0
BRDA:235,21,0,0
BRDA:235,21,1,0
BRDA:238,22,0,0
BRDA:238,22,1,0
BRDA:238,23,0,0
BRDA:238,23,1,0
BRDA:252,24,0,3
BRDA:252,24,1,0
BRDA:279,25,0,3
BRDA:279,25,1,45
BRDA:279,26,0,48
BRDA:279,26,1,3
BRDA:289,27,0,0
BRDA:289,27,1,9
BRDA:290,28,0,0
BRDA:290,28,1,9
BRDA:290,29,0,9
BRDA:290,29,1,0
BRDA:294,30,0,0
BRDA:294,30,1,0
BRDA:297,31,0,0
BRDA:297,31,1,0
BRDA:301,32,0,0
BRDA:301,32,1,0
BRDA:301,33,0,0
BRDA:301,33,1,0
BRDA:321,34,0,6
BRDA:321,34,1,3
BRDA:324,35,0,0
BRDA:324,35,1,6
BRDA:325,36,0,6
BRDA:325,36,1,0
BRDA:326,37,0,4
BRDA:326,37,1,2
BRDA:327,38,0,3
BRDA:327,38,1,3
BRDA:328,39,0,6
BRDA:328,39,1,0
BRDA:330,40,0,6
BRDA:330,40,1,6
BRDA:334,41,0,2
BRDA:334,41,1,0
BRDA:334,42,0,2
BRDA:334,42,1,2
BRDA:348,43,0,3
BRDA:348,43,1,0
BRDA:349,44,0,3
BRDA:349,44,1,0
BRDA:351,45,0,3
BRDA:351,45,1,3
BRDA:355,46,0,1
BRDA:355,46,1,0
BRDA:355,47,0,1
BRDA:355,47,1,1
BRDA:366,48,0,6
BRDA:366,48,1,3
BRDA:375,49,0,3
BRDA:375,49,1,3
BRDA:375,50,0,6
BRDA:375,50,1,6
BRDA:384,51,0,6
BRDA:384,51,1,0
BRF:110
BRH:46
end_of_record
TN:
SF:src/components/assets/avatar/Avatar.tsx
FN:32,(anonymous_0)
FNF:1
FNH:1
FNDA:7,(anonymous_0)
DA:32,4
DA:39,7
DA:41,7
DA:47,4
LF:4
LH:4
BRDA:34,0,0,7
BRDA:35,1,0,7
BRDA:37,2,0,7
BRDA:38,3,0,7
BRDA:43,4,0,7
BRDA:43,4,1,0
BRDA:57,5,0,7
BRDA:57,5,1,7
BRDA:63,6,0,7
BRDA:63,6,1,0
BRF:10
BRH:8
end_of_record
TN:
SF:src/components/assets/icon/Icon.figma.tsx
FN:18,(anonymous_0)
FNF:1
FNH:0
FNDA:0,(anonymous_0)
DA:4,0
DA:19,0
LF:2
LH:0
BRF:0
BRH:0
end_of_record
TN:
SF:src/components/assets/icon/Icon.tsx
FN:31,(anonymous_0)
FN:34,(anonymous_1)
FN:48,(anonymous_2)
FNF:3
FNH:3
FNDA:288,(anonymous_0)
FNDA:8,(anonymous_1)
FNDA:280,(anonymous_2)
DA:31,32
DA:32,288
DA:34,288
DA:35,8
DA:41,32
DA:48,288
DA:49,280
DA:64,288
DA:65,8
LF:9
LH:9
BRDA:32,0,0,288
BRDA:64,1,0,280
BRDA:64,1,1,8
BRF:3
BRH:3
end_of_record
TN:
SF:src/components/assets/section-title/SectionTitle.tsx
FN:25,(anonymous_0)
FNF:1
FNH:1
FNDA:8,(anonymous_0)
DA:25,6
DA:26,8
DA:28,8
DA:30,6
LF:4
LH:4
BRDA:40,0,0,8
BRDA:40,0,1,3
BRDA:45,1,0,8
BRDA:45,1,1,2
BRF:4
BRH:4
end_of_record
TN:
SF:src/components/assets/text/Text.tsx
FN:36,(anonymous_0)
FNF:1
FNH:1
FNDA:31,(anonymous_0)
DA:36,1
DA:45,31
DA:47,31
DA:57,31
DA:58,1
LF:5
LH:5
BRDA:39,0,0,31
BRDA:40,1,0,31
BRDA:41,2,0,31
BRDA:42,3,0,31
BRDA:50,4,0,31
BRDA:50,4,1,9
BRDA:51,5,0,31
BRDA:51,5,1,6
BRDA:52,6,0,31
BRDA:52,6,1,9
BRDA:53,7,0,31
BRDA:53,7,1,2
BRF:12
BRH:12
end_of_record
TN:
SF:src/components/assets/thumbnail/Thumbnail.tsx
FN:27,(anonymous_0)
FN:37,(anonymous_1)
FN:40,(anonymous_2)
FN:41,(anonymous_3)
FNF:4
FNH:3
FNDA:17,(anonymous_0)
FNDA:7,(anonymous_1)
FNDA:7,(anonymous_2)
FNDA:0,(anonymous_3)
DA:1,5
DA:27,5
DA:28,17
DA:29,17
DA:35,17
DA:37,17
DA:38,7
DA:39,7
DA:40,7
DA:41,7
DA:44,17
DA:45,0
DA:53,5
DA:62,17
LF:14
LH:13
BRDA:32,0,0,17
BRDA:33,1,0,17
BRDA:34,2,0,17
BRDA:44,3,0,0
BRDA:44,3,1,17
BRDA:71,4,0,8
BRDA:71,4,1,9
BRF:7
BRH:6
end_of_record
TN:
SF:src/components/dialogs/consent/Consent.tsx
FN:89,(anonymous_0)
FN:98,(anonymous_1)
FN:102,(anonymous_2)
FN:109,(anonymous_3)
FN:113,(anonymous_4)
FN:120,(anonymous_5)
FN:128,(anonymous_6)
FN:132,(anonymous_7)
FN:146,(anonymous_8)
FN:183,(anonymous_9)
FN:232,(anonymous_10)
FN:318,(anonymous_11)
FN:371,(anonymous_12)
FN:389,(anonymous_13)
FN:440,(anonymous_14)
FNF:15
FNH:3
FNDA:2,(anonymous_0)
FNDA:0,(anonymous_1)
FNDA:0,(anonymous_2)
FNDA:0,(anonymous_3)
FNDA:0,(anonymous_4)
FNDA:0,(anonymous_5)
FNDA:0,(anonymous_6)
FNDA:0,(anonymous_7)
FNDA:2,(anonymous_8)
FNDA:0,(anonymous_9)
FNDA:0,(anonymous_10)
FNDA:0,(anonymous_11)
FNDA:0,(anonymous_12)
FNDA:0,(anonymous_13)
FNDA:2,(anonymous_14)
DA:1,1
DA:90,2
DA:91,2
DA:98,0
DA:99,0
DA:101,0
DA:102,0
DA:109,0
DA:110,0
DA:112,0
DA:113,0
DA:120,0
DA:121,0
DA:122,0
DA:124,0
DA:128,0
DA:129,0
DA:131,0
DA:133,0
DA:134,0
DA:138,0
DA:146,2
DA:155,2
DA:157,2
DA:159,2
DA:170,1
DA:184,0
DA:232,0
DA:242,0
DA:244,0
DA:246,0
DA:319,0
DA:371,0
DA:390,0
DA:441,2
DA:443,2
DA:444,0
DA:449,2
LF:38
LH:11
BRDA:133,0,0,0
BRDA:133,0,1,0
BRDA:212,1,0,2
BRDA:212,1,1,2
BRDA:217,2,0,2
BRDA:217,2,1,0
BRDA:376,3,0,0
BRDA:376,3,1,0
BRDA:419,4,0,0
BRDA:419,4,1,0
BRDA:424,5,0,0
BRDA:424,5,1,0
BRDA:443,6,0,0
BRDA:443,6,1,2
BRF:14
BRH:4
end_of_record
TN:
SF:src/components/dialogs/dialog/Dialog.tsx
FN:84,(anonymous_0)
FN:98,(anonymous_1)
FN:99,(anonymous_2)
FN:104,(anonymous_3)
FN:109,(anonymous_4)
FNF:5
FNH:3
FNDA:6,(anonymous_0)
FNDA:6,(anonymous_1)
FNDA:0,(anonymous_2)
FNDA:5,(anonymous_3)
FNDA:0,(anonymous_4)
DA:1,1
DA:84,1
DA:96,6
DA:98,6
DA:99,6
DA:100,0
DA:102,6
DA:104,6
DA:105,5
DA:109,6
DA:110,0
DA:113,6
DA:122,1
LF:13
LH:11
BRDA:91,0,0,6
BRDA:92,1,0,6
BRDA:93,2,0,6
BRDA:100,3,0,0
BRDA:100,3,1,0
BRDA:110,4,0,0
BRDA:110,4,1,0
BRDA:115,5,0,6
BRDA:115,5,1,0
BRDA:123,6,0,0
BRDA:123,6,1,6
BRF:11
BRH:5
end_of_record
TN:
SF:src/components/dialogs/message/Message.tsx
FN:30,(anonymous_0)
FN:55,(anonymous_1)
FN:83,(anonymous_2)
FN:113,(anonymous_3)
FN:139,(anonymous_4)
FNF:5
FNH:5
FNDA:11,(anonymous_0)
FNDA:1,(anonymous_1)
FNDA:3,(anonymous_2)
FNDA:3,(anonymous_3)
FNDA:12,(anonymous_4)
DA:1,9
DA:25,9
DA:30,11
DA:31,11
DA:33,11
DA:39,9
DA:55,1
DA:56,1
DA:58,1
DA:84,3
DA:114,3
DA:140,12
DA:142,12
DA:143,11
LF:14
LH:14
BRDA:35,0,0,11
BRDA:35,0,1,0
BRDA:142,1,0,1
BRDA:142,1,1,11
BRF:4
BRH:3
end_of_record
TN:
SF:src/components/dialogs/notification/Notification.tsx
FN:25,(anonymous_0)
FN:29,(anonymous_1)
FNF:2
FNH:1
FNDA:2,(anonymous_0)
FNDA:0,(anonymous_1)
DA:25,1
DA:26,2
DA:28,2
DA:29,0
DA:30,0
DA:33,2
DA:44,1
LF:7
LH:5
BRDA:28,0,0,0
BRDA:28,0,1,2
BRDA:28,1,0,2
BRDA:28,1,1,0
BRF:4
BRH:2
end_of_record
TN:
SF:src/components/dialogs/semantic-message/SemanticMessage.tsx
FN:46,(anonymous_0)
FN:57,(anonymous_1)
FN:61,(anonymous_2)
FN:66,(anonymous_3)
FN:70,(anonymous_4)
FN:79,(anonymous_5)
FNF:6
FNH:6
FNDA:6,(anonymous_0)
FNDA:6,(anonymous_1)
FNDA:2,(anonymous_2)
FNDA:2,(anonymous_3)
FNDA:8,(anonymous_4)
FNDA:8,(anonymous_5)
DA:1,5
DA:41,5
DA:47,6
DA:48,6
DA:57,6
DA:58,6
DA:61,2
DA:62,2
DA:66,2
DA:67,2
DA:70,8
DA:71,8
DA:72,7
DA:73,1
DA:75,6
DA:80,8
DA:81,8
DA:83,8
DA:84,8
DA:86,8
DA:97,5
LF:21
LH:21
BRDA:50,0,0,6
BRDA:50,0,1,0
BRDA:71,1,0,0
BRDA:71,1,1,8
BRDA:71,2,0,1
BRDA:71,2,1,7
BRDA:72,3,0,1
BRDA:72,3,1,6
BRDA:84,4,0,0
BRDA:84,4,1,8
BRDA:91,5,0,8
BRDA:91,5,1,2
BRDA:92,6,0,8
BRDA:92,6,1,0
BRDA:102,7,0,8
BRDA:102,7,1,6
BRF:16
BRH:12
end_of_record
TN:
SF:src/components/inputs/dropdown/Dropdown.figma.tsx
FN:14,(anonymous_0)
FNF:1
FNH:0
FNDA:0,(anonymous_0)
DA:4,0
DA:15,0
LF:2
LH:0
BRF:0
BRH:0
end_of_record
TN:
SF:src/components/inputs/dropdown/Dropdown.tsx
FN:133,(anonymous_0)
FN:151,(anonymous_1)
FN:156,(anonymous_2)
FN:162,(anonymous_3)
FN:167,(anonymous_4)
FN:175,(anonymous_5)
FN:267,(anonymous_6)
FN:305,(anonymous_7)
FN:322,(anonymous_8)
FN:343,(anonymous_9)
FN:347,(anonymous_10)
FN:348,(anonymous_11)
FN:351,(anonymous_12)
FN:354,(anonymous_13)
FN:362,(anonymous_14)
FN:391,(anonymous_15)
FN:426,(anonymous_16)
FN:444,(anonymous_17)
FN:464,(anonymous_18)
FN:471,(anonymous_19)
FN:479,(anonymous_20)
FN:482,(anonymous_21)
FN:485,(anonymous_22)
FN:488,(anonymous_23)
FN:519,(anonymous_24)
FN:552,(anonymous_25)
FN:566,(anonymous_26)
FNF:27
FNH:16
FNDA:3,(anonymous_0)
FNDA:3,(anonymous_1)
FNDA:2,(anonymous_2)
FNDA:0,(anonymous_3)
FNDA:3,(anonymous_4)
FNDA:3,(anonymous_5)
FNDA:6,(anonymous_6)
FNDA:0,(anonymous_7)
FNDA:3,(anonymous_8)
FNDA:18,(anonymous_9)
FNDA:18,(anonymous_10)
FNDA:144,(anonymous_11)
FNDA:12,(anonymous_12)
FNDA:0,(anonymous_13)
FNDA:9,(anonymous_14)
FNDA:0,(anonymous_15)
FNDA:9,(anonymous_16)
FNDA:9,(anonymous_17)
FNDA:0,(anonymous_18)
FNDA:0,(anonymous_19)
FNDA:0,(anonymous_20)
FNDA:0,(anonymous_21)
FNDA:0,(anonymous_22)
FNDA:0,(anonymous_23)
FNDA:9,(anonymous_24)
FNDA:0,(anonymous_25)
FNDA:9,(anonymous_26)
DA:1,1
DA:124,1
DA:134,3
DA:135,3
DA:142,3
DA:143,3
DA:144,3
DA:145,3
DA:146,3
DA:147,3
DA:148,3
DA:151,3
DA:152,3
DA:153,3
DA:156,2
DA:157,2
DA:158,2
DA:162,0
DA:163,0
DA:167,3
DA:168,3
DA:169,3
DA:171,3
DA:175,3
DA:176,3
DA:177,3
DA:178,3
DA:180,3
DA:181,3
DA:182,3
DA:183,3
DA:185,3
DA:186,0
DA:187,0
DA:189,3
DA:190,0
DA:191,0
DA:194,3
DA:195,0
DA:196,0
DA:198,3
DA:199,0
DA:200,0
DA:203,3
DA:204,0
DA:205,0
DA:206,0
DA:211,3
DA:212,0
DA:214,3
DA:215,1
DA:216,1
DA:217,1
DA:218,1
DA:221,1
DA:223,1
DA:226,1
DA:227,0
DA:228,0
DA:233,0
DA:236,0
DA:237,0
DA:242,1
DA:243,1
DA:246,1
DA:251,1
DA:253,1
DA:254,1
DA:257,1
DA:262,3
DA:267,6
DA:268,6
DA:269,6
DA:271,3
DA:272,3
DA:276,6
DA:281,6
DA:286,6
DA:293,6
DA:298,6
DA:300,6
DA:301,3
DA:303,3
DA:305,0
DA:307,3
DA:309,0
DA:310,0
DA:316,0
DA:319,3
DA:322,3
DA:323,3
DA:324,3
DA:332,3
DA:336,0
DA:343,18
DA:344,18
DA:345,18
DA:347,18
DA:348,18
DA:349,144
DA:350,144
DA:351,12
DA:353,0
DA:354,0
DA:358,18
DA:362,9
DA:363,9
DA:365,9
DA:366,0
DA:369,1
DA:391,0
DA:402,0
DA:404,0
DA:406,0
DA:407,0
DA:409,0
DA:410,0
DA:412,0
DA:426,9
DA:436,9
DA:437,9
DA:439,9
DA:445,9
DA:446,0
DA:447,0
DA:465,0
DA:469,0
DA:470,0
DA:471,0
DA:475,0
DA:476,0
DA:480,0
DA:483,0
DA:486,0
DA:489,0
DA:520,9
DA:522,9
DA:523,6
DA:552,0
DA:559,3
DA:567,9
DA:568,9
DA:570,9
DA:572,9
DA:573,9
LF:145
LH:97
BRDA:140,0,0,3
BRDA:140,0,1,0
BRDA:176,1,0,3
BRDA:176,1,1,0
BRDA:185,2,0,0
BRDA:185,2,1,3
BRDA:189,3,0,0
BRDA:189,3,1,3
BRDA:194,4,0,0
BRDA:194,4,1,3
BRDA:198,5,0,0
BRDA:198,5,1,3
BRDA:203,6,0,0
BRDA:203,6,1,3
BRDA:204,7,0,0
BRDA:204,7,1,0
BRDA:206,8,0,0
BRDA:206,8,1,0
BRDA:211,9,0,0
BRDA:211,9,1,3
BRDA:211,10,0,3
BRDA:211,10,1,0
BRDA:214,11,0,1
BRDA:214,11,1,2
BRDA:216,12,0,1
BRDA:216,12,1,0
BRDA:226,13,0,0
BRDA:226,13,1,1
BRDA:226,14,0,1
BRDA:226,14,1,0
BRDA:236,15,0,0
BRDA:236,15,1,0
BRDA:242,16,0,1
BRDA:242,16,1,0
BRDA:242,17,0,1
BRDA:242,17,1,1
BRDA:253,18,0,1
BRDA:253,18,1,0
BRDA:269,19,0,3
BRDA:269,19,1,3
BRDA:269,20,0,6
BRDA:269,20,1,6
BRDA:273,21,0,3
BRDA:273,21,1,0
BRDA:277,22,0,6
BRDA:277,22,1,0
BRDA:282,23,0,6
BRDA:282,23,1,0
BRDA:287,24,0,6
BRDA:287,24,1,0
BRDA:294,25,0,6
BRDA:294,25,1,0
BRDA:303,26,0,3
BRDA:303,26,1,0
BRDA:304,27,0,3
BRDA:304,27,1,0
BRDA:309,28,0,0
BRDA:309,28,1,0
BRDA:310,29,0,0
BRDA:310,29,1,0
BRDA:312,30,0,0
BRDA:312,30,1,0
BRDA:312,30,2,0
BRDA:324,31,0,3
BRDA:324,31,1,0
BRDA:325,32,0,3
BRDA:325,32,1,0
BRDA:325,32,2,0
BRDA:325,32,3,0
BRDA:325,32,4,0
BRDA:325,32,5,0
BRDA:325,32,6,0
BRDA:349,33,0,18
BRDA:349,33,1,126
BRDA:349,34,0,18
BRDA:349,34,1,0
BRDA:350,35,0,0
BRDA:350,35,1,144
BRDA:354,36,0,0
BRDA:354,36,1,0
BRDA:365,37,0,0
BRDA:365,37,1,9
BRDA:365,38,0,9
BRDA:365,38,1,9
BRDA:365,38,2,9
BRDA:368,39,0,0
BRDA:368,39,1,0
BRDA:375,40,0,0
BRDA:375,40,1,0
BRDA:375,40,2,0
BRDA:381,41,0,0
BRDA:381,41,1,0
BRDA:383,42,0,0
BRDA:383,42,1,0
BRDA:406,43,0,0
BRDA:406,43,1,0
BRDA:406,44,0,0
BRDA:406,44,1,0
BRDA:409,45,0,0
BRDA:409,45,1,0
BRDA:409,46,0,0
BRDA:409,46,1,0
BRDA:445,47,0,9
BRDA:445,47,1,0
BRDA:446,48,0,0
BRDA:446,48,1,0
BRDA:448,49,0,9
BRDA:448,49,1,9
BRDA:448,49,2,0
BRDA:457,50,0,9
BRDA:457,50,1,6
BRDA:459,51,0,9
BRDA:459,51,1,9
BRDA:460,52,0,6
BRDA:460,52,1,3
BRDA:461,53,0,9
BRDA:461,53,1,6
BRDA:461,53,2,4
BRDA:465,54,0,0
BRDA:465,54,1,0
BRDA:466,55,0,0
BRDA:466,55,1,0
BRDA:466,55,2,0
BRDA:475,56,0,0
BRDA:475,56,1,0
BRDA:478,57,0,9
BRDA:478,57,1,0
BRDA:478,58,0,9
BRDA:478,58,1,9
BRDA:480,59,0,0
BRDA:480,59,1,0
BRDA:483,60,0,0
BRDA:483,60,1,0
BRDA:486,61,0,0
BRDA:486,61,1,0
BRDA:489,62,0,0
BRDA:489,62,1,0
BRDA:509,63,0,9
BRDA:509,63,1,0
BRDA:509,63,2,0
BRDA:511,64,0,0
BRDA:511,64,1,0
BRDA:512,65,0,0
BRDA:512,65,1,0
BRDA:522,66,0,6
BRDA:522,66,1,3
BRDA:531,67,0,0
BRDA:531,67,1,6
BRDA:533,68,0,0
BRDA:533,68,1,6
BRDA:536,69,0,0
BRDA:536,69,1,6
BRDA:537,70,0,0
BRDA:537,70,1,6
BRDA:538,71,0,6
BRDA:538,71,1,0
BRDA:540,72,0,2
BRDA:540,72,1,4
BRDA:540,73,0,6
BRDA:540,73,1,4
BRDA:549,74,0,6
BRDA:549,74,1,0
BRDA:570,75,0,9
BRDA:570,75,1,0
BRDA:572,76,0,0
BRDA:572,76,1,9
BRF:166
BRH:69
end_of_record
TN:
SF:src/components/inputs/dropzone/Dropzone.tsx
FN:86,(anonymous_0)
FN:98,(anonymous_1)
FN:106,(anonymous_2)
FN:122,(anonymous_3)
FN:126,(anonymous_4)
FN:129,(anonymous_5)
FN:159,(anonymous_6)
FN:170,(anonymous_7)
FN:183,(anonymous_8)
FN:194,(anonymous_9)
FN:198,(anonymous_10)
FN:207,(anonymous_11)
FN:218,(anonymous_12)
FN:225,(anonymous_13)
FN:232,(anonymous_14)
FN:239,(anonymous_15)
FN:266,(anonymous_16)
FN:285,(anonymous_17)
FN:295,(anonymous_18)
FN:317,(anonymous_19)
FNF:20
FNH:2
FNDA:1,(anonymous_0)
FNDA:0,(anonymous_1)
FNDA:0,(anonymous_2)
FNDA:0,(anonymous_3)
FNDA:0,(anonymous_4)
FNDA:0,(anonymous_5)
FNDA:0,(anonymous_6)
FNDA:0,(anonymous_7)
FNDA:0,(anonymous_8)
FNDA:0,(anonymous_9)
FNDA:0,(anonymous_10)
FNDA:0,(anonymous_11)
FNDA:0,(anonymous_12)
FNDA:0,(anonymous_13)
FNDA:0,(anonymous_14)
FNDA:1,(anonymous_15)
FNDA:0,(anonymous_16)
FNDA:0,(anonymous_17)
FNDA:0,(anonymous_18)
FNDA:0,(anonymous_19)
DA:1,1
DA:78,1
DA:87,1
DA:88,1
DA:94,1
DA:98,0
DA:99,0
DA:101,0
DA:102,0
DA:105,0
DA:107,0
DA:113,0
DA:114,0
DA:115,0
DA:122,0
DA:123,0
DA:124,0
DA:126,0
DA:127,0
DA:129,0
DA:130,0
DA:132,0
DA:134,0
DA:138,0
DA:139,0
DA:142,0
DA:146,0
DA:147,0
DA:153,0
DA:154,0
DA:155,0
DA:159,0
DA:160,0
DA:162,0
DA:166,0
DA:167,0
DA:168,0
DA:169,0
DA:170,0
DA:171,0
DA:175,0
DA:176,0
DA:177,0
DA:179,0
DA:180,0
DA:183,0
DA:184,0
DA:186,0
DA:187,0
DA:193,0
DA:194,0
DA:197,0
DA:198,0
DA:201,0
DA:202,0
DA:203,0
DA:206,0
DA:207,0
DA:210,0
DA:212,0
DA:218,0
DA:219,0
DA:220,0
DA:225,0
DA:226,0
DA:227,0
DA:232,0
DA:233,0
DA:234,0
DA:248,1
DA:249,1
DA:252,1
DA:254,1
DA:260,1
DA:267,0
DA:273,1
DA:276,0
DA:277,0
DA:280,0
DA:285,0
DA:296,0
DA:302,0
DA:305,0
DA:318,0
DA:324,0
DA:328,1
LF:86
LH:12
BRDA:90,0,0,1
BRDA:90,0,1,1
BRDA:101,1,0,0
BRDA:101,1,1,0
BRDA:101,2,0,0
BRDA:101,2,1,0
BRDA:113,3,0,0
BRDA:113,3,1,0
BRDA:113,4,0,0
BRDA:113,4,1,0
BRDA:134,5,0,0
BRDA:134,5,1,0
BRDA:135,6,0,0
BRDA:135,6,1,0
BRDA:142,7,0,0
BRDA:142,7,1,0
BRDA:143,8,0,0
BRDA:143,8,1,0
BRDA:153,9,0,0
BRDA:153,9,1,0
BRDA:153,10,0,0
BRDA:153,10,1,0
BRDA:177,11,0,0
BRDA:177,11,1,0
BRDA:201,12,0,0
BRDA:201,12,1,0
BRDA:201,13,0,0
BRDA:201,13,1,0
BRDA:210,14,0,0
BRDA:210,14,1,0
BRDA:252,15,0,1
BRDA:252,15,1,0
BRDA:252,15,2,0
BRDA:252,15,3,0
BRDA:267,16,0,0
BRDA:267,16,1,0
BRDA:267,17,0,0
BRDA:267,17,1,0
BRDA:296,18,0,0
BRDA:296,18,1,0
BRDA:296,19,0,0
BRDA:296,19,1,0
BRDA:318,20,0,0
BRDA:318,20,1,0
BRDA:318,21,0,0
BRDA:318,21,1,0
BRDA:332,22,0,1
BRDA:332,22,1,0
BRDA:332,23,0,1
BRDA:332,23,1,1
BRDA:332,23,2,0
BRDA:336,24,0,1
BRDA:336,24,1,1
BRDA:342,25,0,1
BRDA:342,25,1,0
BRF:55
BRH:9
end_of_record
TN:
SF:src/components/inputs/input/Input.figma.tsx
FN:23,(anonymous_0)
FNF:1
FNH:0
FNDA:0,(anonymous_0)
DA:4,0
DA:24,0
LF:2
LH:0
BRF:0
BRH:0
end_of_record
TN:
SF:src/components/inputs/input/Input.tsx
FN:200,(anonymous_0)
FN:213,(anonymous_1)
FN:223,(anonymous_2)
FN:229,(anonymous_3)
FN:248,(anonymous_4)
FN:262,(anonymous_5)
FN:273,(anonymous_6)
FN:284,(anonymous_7)
FN:295,(anonymous_8)
FN:306,(anonymous_9)
FN:452,(anonymous_10)
FN:464,(anonymous_11)
FN:476,(anonymous_12)
FN:529,(anonymous_13)
FN:541,(anonymous_14)
FN:543,(anonymous_15)
FN:548,(anonymous_16)
FN:578,(anonymous_17)
FN:585,(anonymous_18)
FN:595,(anonymous_19)
FN:634,(anonymous_20)
FN:662,(anonymous_21)
FN:678,(anonymous_22)
FN:681,(anonymous_23)
FN:714,(anonymous_24)
FN:738,(anonymous_25)
FN:768,(anonymous_26)
FN:771,(anonymous_27)
FN:784,(anonymous_28)
FN:822,(anonymous_29)
FN:851,(anonymous_30)
FN:882,(anonymous_31)
FN:885,(anonymous_32)
FN:934,(anonymous_33)
FN:955,(anonymous_34)
FN:971,(anonymous_35)
FN:974,(anonymous_36)
FN:1018,(anonymous_37)
FN:1032,(anonymous_38)
FN:1035,(anonymous_39)
FN:1055,(anonymous_40)
FN:1056,(anonymous_41)
FN:1067,(anonymous_42)
FNF:43
FNH:28
FNDA:26,(anonymous_0)
FNDA:26,(anonymous_1)
FNDA:1,(anonymous_2)
FNDA:54,(anonymous_3)
FNDA:0,(anonymous_4)
FNDA:7,(anonymous_5)
FNDA:3,(anonymous_6)
FNDA:36,(anonymous_7)
FNDA:5,(anonymous_8)
FNDA:4,(anonymous_9)
FNDA:17,(anonymous_10)
FNDA:21,(anonymous_11)
FNDA:3,(anonymous_12)
FNDA:7,(anonymous_13)
FNDA:0,(anonymous_14)
FNDA:0,(anonymous_15)
FNDA:0,(anonymous_16)
FNDA:0,(anonymous_17)
FNDA:1,(anonymous_18)
FNDA:6,(anonymous_19)
FNDA:80,(anonymous_20)
FNDA:23,(anonymous_21)
FNDA:1,(anonymous_22)
FNDA:0,(anonymous_23)
FNDA:1,(anonymous_24)
FNDA:9,(anonymous_25)
FNDA:1,(anonymous_26)
FNDA:0,(anonymous_27)
FNDA:0,(anonymous_28)
FNDA:1,(anonymous_29)
FNDA:23,(anonymous_30)
FNDA:1,(anonymous_31)
FNDA:0,(anonymous_32)
FNDA:0,(anonymous_33)
FNDA:24,(anonymous_34)
FNDA:1,(anonymous_35)
FNDA:0,(anonymous_36)
FNDA:1,(anonymous_37)
FNDA:0,(anonymous_38)
FNDA:0,(anonymous_39)
FNDA:0,(anonymous_40)
FNDA:0,(anonymous_41)
FNDA:80,(anonymous_42)
DA:1,12
DA:184,12
DA:201,26
DA:202,26
DA:209,26
DA:210,26
DA:214,26
DA:216,26
DA:217,3
DA:218,3
DA:219,0
DA:221,26
DA:222,26
DA:223,1
DA:224,1
DA:225,0
DA:230,54
DA:232,54
DA:233,0
DA:238,54
DA:239,0
DA:240,54
DA:241,22
DA:242,22
DA:243,0
DA:248,0
DA:251,0
DA:252,0
DA:254,0
DA:259,0
DA:262,7
DA:265,7
DA:267,7
DA:270,7
DA:273,3
DA:276,3
DA:278,3
DA:281,3
DA:284,36
DA:287,36
DA:289,36
DA:292,36
DA:295,5
DA:296,5
DA:298,5
DA:303,5
DA:306,4
DA:307,4
DA:308,4
DA:310,4
DA:311,1
DA:314,1
DA:315,1
DA:317,1
DA:319,0
DA:320,0
DA:323,1
DA:325,1
DA:330,1
DA:334,1
DA:364,1
DA:370,1
DA:374,3
DA:375,1
DA:377,1
DA:383,1
DA:387,1
DA:417,1
DA:423,1
DA:427,2
DA:428,2
DA:429,2
DA:432,2
DA:433,0
DA:436,0
DA:439,2
DA:443,2
DA:444,2
DA:446,2
DA:452,17
DA:455,17
DA:456,17
DA:458,17
DA:459,0
DA:460,0
DA:461,17
DA:464,21
DA:467,21
DA:468,21
DA:470,21
DA:471,0
DA:472,0
DA:473,21
DA:476,3
DA:479,3
DA:480,3
DA:481,3
DA:483,3
DA:485,3
DA:486,0
DA:488,0
DA:495,0
DA:499,0
DA:500,0
DA:501,3
DA:502,0
DA:504,0
DA:510,0
DA:514,0
DA:515,3
DA:516,0
DA:517,0
DA:519,0
DA:521,0
DA:525,0
DA:529,7
DA:532,7
DA:533,7
DA:535,7
DA:536,0
DA:537,0
DA:538,7
DA:541,0
DA:543,0
DA:544,0
DA:545,0
DA:548,0
DA:549,0
DA:550,0
DA:551,0
DA:553,0
DA:554,0
DA:555,0
DA:556,0
DA:558,0
DA:559,0
DA:562,0
DA:563,0
DA:564,0
DA:568,0
DA:572,0
DA:576,0
DA:577,0
DA:578,0
DA:579,0
DA:580,0
DA:581,0
DA:585,1
DA:586,1
DA:588,1
DA:592,1
DA:595,6
DA:597,1
DA:599,1
DA:601,0
DA:603,0
DA:605,0
DA:606,0
DA:609,0
DA:610,0
DA:613,0
DA:614,0
DA:617,0
DA:618,0
DA:621,0
DA:622,0
DA:625,0
DA:628,0
DA:630,1
DA:634,80
DA:635,80
DA:637,80
DA:638,0
DA:641,12
DA:662,23
DA:663,23
DA:664,23
DA:666,23
DA:679,1
DA:682,0
DA:715,1
DA:716,1
DA:738,9
DA:752,9
DA:753,9
DA:755,9
DA:769,1
DA:772,0
DA:785,0
DA:786,0
DA:823,1
DA:824,1
DA:851,23
DA:866,23
DA:867,23
DA:869,23
DA:883,1
DA:886,0
DA:935,0
DA:936,0
DA:955,24
DA:957,24
DA:958,24
DA:960,24
DA:972,1
DA:975,0
DA:1018,1
DA:1019,1
DA:1021,1
DA:1033,0
DA:1036,0
DA:1055,0
DA:1056,0
DA:1068,80
DA:1070,80
DA:1071,71
DA:1072,48
DA:1073,24
DA:1074,23
LF:219
LH:133
BRDA:216,0,0,3
BRDA:216,0,1,23
BRDA:218,1,0,0
BRDA:218,1,1,3
BRDA:222,2,0,1
BRDA:222,2,1,25
BRDA:224,3,0,1
BRDA:224,3,1,0
BRDA:224,4,0,0
BRDA:224,4,1,0
BRDA:232,5,0,0
BRDA:232,5,1,54
BRDA:238,6,0,0
BRDA:238,6,1,54
BRDA:238,7,0,54
BRDA:238,7,1,0
BRDA:240,8,0,22
BRDA:240,8,1,32
BRDA:242,9,0,0
BRDA:242,9,1,22
BRDA:259,10,0,0
BRDA:259,10,1,0
BRDA:270,11,0,7
BRDA:270,11,1,0
BRDA:281,12,0,3
BRDA:281,12,1,0
BRDA:292,13,0,36
BRDA:292,13,1,0
BRDA:298,14,0,5
BRDA:298,14,1,3
BRDA:298,14,2,3
BRDA:298,14,3,0
BRDA:303,15,0,4
BRDA:303,15,1,1
BRDA:303,16,0,5
BRDA:303,16,1,4
BRDA:310,17,0,1
BRDA:310,17,1,3
BRDA:314,18,0,0
BRDA:314,18,1,1
BRDA:314,19,0,1
BRDA:314,19,1,0
BRDA:315,20,0,0
BRDA:315,20,1,0
BRDA:315,21,0,0
BRDA:315,21,1,1
BRDA:316,22,0,1
BRDA:316,22,1,0
BRDA:317,23,0,0
BRDA:317,23,1,0
BRDA:317,24,0,0
BRDA:317,24,1,1
BRDA:326,25,0,1
BRDA:326,25,1,0
BRDA:327,26,0,1
BRDA:327,26,1,0
BRDA:330,27,0,1
BRDA:330,27,1,0
BRDA:331,28,0,1
BRDA:331,28,1,1
BRDA:331,28,2,0
BRDA:331,28,3,0
BRDA:374,29,0,1
BRDA:374,29,1,2
BRDA:383,30,0,1
BRDA:383,30,1,0
BRDA:384,31,0,1
BRDA:384,31,1,1
BRDA:384,31,2,0
BRDA:384,31,3,0
BRDA:427,32,0,2
BRDA:427,32,1,0
BRDA:427,33,0,2
BRDA:427,33,1,1
BRDA:429,34,0,2
BRDA:429,34,1,1
BRDA:429,34,2,2
BRDA:429,34,3,0
BRDA:432,35,0,0
BRDA:432,35,1,2
BRDA:443,36,0,2
BRDA:443,36,1,0
BRDA:443,37,0,2
BRDA:443,37,1,2
BRDA:443,37,2,0
BRDA:443,37,3,0
BRDA:458,38,0,0
BRDA:458,38,1,17
BRDA:459,39,0,0
BRDA:459,39,1,0
BRDA:461,40,0,0
BRDA:461,40,1,17
BRDA:470,41,0,0
BRDA:470,41,1,21
BRDA:470,42,0,21
BRDA:470,42,1,21
BRDA:470,42,2,0
BRDA:471,43,0,0
BRDA:471,43,1,0
BRDA:473,44,0,0
BRDA:473,44,1,21
BRDA:485,45,0,0
BRDA:485,45,1,3
BRDA:486,46,0,0
BRDA:486,46,1,0
BRDA:488,47,0,0
BRDA:488,47,1,0
BRDA:488,48,0,0
BRDA:488,48,1,0
BRDA:491,49,0,0
BRDA:491,49,1,0
BRDA:493,50,0,0
BRDA:493,50,1,0
BRDA:499,51,0,0
BRDA:499,51,1,0
BRDA:499,52,0,0
BRDA:499,52,1,0
BRDA:501,53,0,0
BRDA:501,53,1,3
BRDA:502,54,0,0
BRDA:502,54,1,0
BRDA:504,55,0,0
BRDA:504,55,1,0
BRDA:504,56,0,0
BRDA:504,56,1,0
BRDA:507,57,0,0
BRDA:507,57,1,0
BRDA:509,58,0,0
BRDA:509,58,1,0
BRDA:514,59,0,0
BRDA:514,59,1,0
BRDA:514,60,0,0
BRDA:514,60,1,0
BRDA:515,61,0,0
BRDA:515,61,1,3
BRDA:515,62,0,3
BRDA:515,62,1,3
BRDA:516,63,0,0
BRDA:516,63,1,0
BRDA:516,64,0,0
BRDA:516,64,1,0
BRDA:518,65,0,0
BRDA:518,65,1,0
BRDA:519,66,0,0
BRDA:519,66,1,0
BRDA:520,67,0,0
BRDA:520,67,1,0
BRDA:522,68,0,0
BRDA:522,68,1,0
BRDA:535,69,0,0
BRDA:535,69,1,7
BRDA:536,70,0,0
BRDA:536,70,1,0
BRDA:538,71,0,0
BRDA:538,71,1,7
BRDA:544,72,0,0
BRDA:544,72,1,0
BRDA:549,73,0,0
BRDA:549,73,1,0
BRDA:553,74,0,0
BRDA:553,74,1,0
BRDA:554,75,0,0
BRDA:554,75,1,0
BRDA:558,76,0,0
BRDA:558,76,1,0
BRDA:558,77,0,0
BRDA:558,77,1,0
BRDA:562,78,0,0
BRDA:562,78,1,0
BRDA:581,79,0,0
BRDA:581,79,1,0
BRDA:588,80,0,0
BRDA:588,80,1,1
BRDA:597,81,0,0
BRDA:597,81,1,1
BRDA:599,82,0,1
BRDA:599,82,1,0
BRDA:603,83,0,0
BRDA:603,83,1,0
BRDA:603,83,2,0
BRDA:603,83,3,0
BRDA:603,83,4,0
BRDA:603,83,5,0
BRDA:628,84,0,0
BRDA:628,84,1,0
BRDA:637,85,0,0
BRDA:637,85,1,80
BRDA:637,86,0,80
BRDA:637,86,1,80
BRDA:637,86,2,80
BRDA:640,87,0,0
BRDA:640,87,1,0
BRDA:647,88,0,0
BRDA:647,88,1,0
BRDA:647,88,2,0
BRDA:653,89,0,0
BRDA:653,89,1,0
BRDA:655,90,0,0
BRDA:655,90,1,0
BRDA:672,91,0,23
BRDA:672,91,1,0
BRDA:679,92,0,1
BRDA:679,92,1,0
BRDA:682,93,0,0
BRDA:682,93,1,0
BRDA:691,94,0,23
BRDA:691,94,1,23
BRDA:693,95,0,23
BRDA:693,95,1,23
BRDA:695,96,0,23
BRDA:695,96,1,0
BRDA:695,97,0,23
BRDA:695,97,1,23
BRDA:697,98,0,23
BRDA:697,98,1,0
BRDA:697,99,0,23
BRDA:697,99,1,23
BRDA:708,100,0,23
BRDA:708,100,1,23
BRDA:710,101,0,23
BRDA:710,101,1,23
BRDA:712,102,0,23
BRDA:712,102,1,0
BRDA:712,103,0,23
BRDA:712,103,1,23
BRDA:719,104,0,23
BRDA:719,104,1,0
BRDA:719,105,0,23
BRDA:719,105,1,23
BRDA:721,106,0,23
BRDA:721,106,1,0
BRDA:721,107,0,23
BRDA:721,107,1,23
BRDA:724,108,0,23
BRDA:724,108,1,8
BRDA:724,108,2,8
BRDA:726,109,0,8
BRDA:726,109,1,8
BRDA:727,110,0,8
BRDA:727,110,1,8
BRDA:760,111,0,9
BRDA:760,111,1,6
BRDA:761,112,0,9
BRDA:761,112,1,0
BRDA:762,113,0,9
BRDA:762,113,1,0
BRDA:769,114,0,1
BRDA:769,114,1,0
BRDA:772,115,0,0
BRDA:772,115,1,0
BRDA:775,116,0,9
BRDA:775,116,1,6
BRDA:780,117,0,6
BRDA:780,117,1,0
BRDA:780,118,0,6
BRDA:780,118,1,6
BRDA:780,119,0,6
BRDA:780,119,1,6
BRDA:785,120,0,0
BRDA:785,120,1,0
BRDA:785,121,0,0
BRDA:785,121,1,0
BRDA:785,122,0,0
BRDA:785,122,1,0
BRDA:803,123,0,9
BRDA:803,123,1,0
BRDA:804,124,0,9
BRDA:804,124,1,0
BRDA:810,125,0,9
BRDA:810,125,1,9
BRDA:811,126,0,0
BRDA:811,126,1,9
BRDA:811,127,0,6
BRDA:811,127,1,3
BRDA:812,128,0,9
BRDA:812,128,1,0
BRDA:813,129,0,9
BRDA:813,129,1,0
BRDA:815,130,0,9
BRDA:815,130,1,9
BRDA:817,131,0,9
BRDA:817,131,1,0
BRDA:817,132,0,9
BRDA:817,132,1,9
BRDA:820,133,0,9
BRDA:820,133,1,0
BRDA:820,134,0,9
BRDA:820,134,1,9
BRDA:824,135,0,1
BRDA:824,135,1,0
BRDA:824,136,0,1
BRDA:824,136,1,1
BRDA:826,137,0,9
BRDA:826,137,1,0
BRDA:826,138,0,9
BRDA:826,138,1,9
BRDA:829,139,0,9
BRDA:829,139,1,0
BRDA:837,140,0,9
BRDA:837,140,1,4
BRDA:837,140,2,4
BRDA:839,141,0,4
BRDA:839,141,1,4
BRDA:840,142,0,4
BRDA:840,142,1,4
BRDA:874,143,0,23
BRDA:874,143,1,0
BRDA:875,144,0,23
BRDA:875,144,1,0
BRDA:876,145,0,23
BRDA:876,145,1,0
BRDA:883,146,0,1
BRDA:883,146,1,0
BRDA:886,147,0,0
BRDA:886,147,1,0
BRDA:889,148,0,23
BRDA:889,148,1,0
BRDA:905,149,0,23
BRDA:905,149,1,0
BRDA:906,150,0,23
BRDA:906,150,1,0
BRDA:906,150,2,0
BRDA:907,151,0,23
BRDA:907,151,1,0
BRDA:912,152,0,23
BRDA:912,152,1,23
BRDA:913,153,0,23
BRDA:913,153,1,2
BRDA:915,154,0,23
BRDA:915,154,1,23
BRDA:917,155,0,23
BRDA:917,155,1,0
BRDA:917,156,0,23
BRDA:917,156,1,23
BRDA:920,157,0,23
BRDA:920,157,1,0
BRDA:920,158,0,23
BRDA:920,158,1,23
BRDA:922,159,0,23
BRDA:922,159,1,0
BRDA:922,160,0,23
BRDA:922,160,1,23
BRDA:923,161,0,23
BRDA:923,161,1,0
BRDA:923,162,0,23
BRDA:923,162,1,23
BRDA:926,163,0,23
BRDA:926,163,1,0
BRDA:926,163,2,0
BRDA:926,163,3,0
BRDA:936,164,0,0
BRDA:936,164,1,0
BRDA:941,165,0,23
BRDA:941,165,1,18
BRDA:941,165,2,18
BRDA:943,166,0,18
BRDA:943,166,1,18
BRDA:944,167,0,18
BRDA:944,167,1,18
BRDA:965,168,0,24
BRDA:965,168,1,0
BRDA:972,169,0,1
BRDA:972,169,1,0
BRDA:975,170,0,0
BRDA:975,170,1,0
BRDA:985,171,0,24
BRDA:985,171,1,0
BRDA:990,172,0,24
BRDA:990,172,1,24
BRDA:991,173,0,24
BRDA:991,173,1,0
BRDA:993,174,0,24
BRDA:993,174,1,24
BRDA:995,175,0,24
BRDA:995,175,1,0
BRDA:995,176,0,24
BRDA:995,176,1,24
BRDA:998,177,0,24
BRDA:998,177,1,0
BRDA:998,178,0,24
BRDA:998,178,1,24
BRDA:1000,179,0,24
BRDA:1000,179,1,0
BRDA:1000,180,0,24
BRDA:1000,180,1,24
BRDA:1001,181,0,24
BRDA:1001,181,1,0
BRDA:1001,182,0,24
BRDA:1001,182,1,24
BRDA:1004,183,0,24
BRDA:1004,183,1,22
BRDA:1004,183,2,22
BRDA:1006,184,0,22
BRDA:1006,184,1,22
BRDA:1007,185,0,22
BRDA:1007,185,1,22
BRDA:1026,186,0,1
BRDA:1026,186,1,0
BRDA:1033,187,0,0
BRDA:1033,187,1,0
BRDA:1036,188,0,0
BRDA:1036,188,1,0
BRDA:1049,189,0,1
BRDA:1049,189,1,1
BRDA:1051,190,0,1
BRDA:1051,190,1,1
BRDA:1053,191,0,1
BRDA:1053,191,1,0
BRDA:1053,192,0,1
BRDA:1053,192,1,1
BRDA:1070,193,0,9
BRDA:1070,193,1,71
BRDA:1071,194,0,23
BRDA:1071,194,1,48
BRDA:1072,195,0,24
BRDA:1072,195,1,24
BRDA:1073,196,0,1
BRDA:1073,196,1,23
BRF:418
BRH:221
end_of_record
TN:
SF:src/components/inputs/inputs-bar/InputsBar.tsx
FN:20,(anonymous_0)
FNF:1
FNH:1
FNDA:1,(anonymous_0)
DA:20,1
DA:21,1
DA:23,1
DA:25,1
LF:4
LH:4
BRDA:25,0,0,1
BRDA:25,0,1,1
BRF:2
BRH:2
end_of_record
TN:
SF:src/components/inputs/multiple-slider/MultipleSlider.tsx
FN:125,(anonymous_0)
FN:134,(anonymous_1)
FN:164,(anonymous_2)
FN:180,(anonymous_3)
FN:185,(anonymous_4)
FN:203,(anonymous_5)
FN:212,(anonymous_6)
FN:215,(anonymous_7)
FN:216,(anonymous_8)
FN:219,(anonymous_9)
FN:282,(anonymous_10)
FN:290,(anonymous_11)
FN:304,(anonymous_12)
FN:316,(anonymous_13)
FN:324,(anonymous_14)
FN:331,(anonymous_15)
FN:339,(anonymous_16)
FN:350,(anonymous_17)
FN:358,(anonymous_18)
FN:369,(anonymous_19)
FN:384,(anonymous_20)
FN:385,(anonymous_21)
FN:395,(anonymous_22)
FN:396,(anonymous_23)
FN:410,(anonymous_24)
FN:419,(anonymous_25)
FN:420,(anonymous_26)
FN:447,(anonymous_27)
FN:474,(anonymous_28)
FN:490,(anonymous_29)
FN:491,(anonymous_30)
FN:519,(anonymous_31)
FN:522,(anonymous_32)
FN:525,(anonymous_33)
FN:529,(anonymous_34)
FN:537,(anonymous_35)
FN:555,(anonymous_36)
FN:560,(anonymous_37)
FN:561,(anonymous_38)
FN:589,(anonymous_39)
FN:592,(anonymous_40)
FN:595,(anonymous_41)
FN:599,(anonymous_42)
FN:603,(anonymous_43)
FN:612,(anonymous_44)
FNF:45
FNH:22
FNDA:2,(anonymous_0)
FNDA:0,(anonymous_1)
FNDA:1,(anonymous_2)
FNDA:1,(anonymous_3)
FNDA:3,(anonymous_4)
FNDA:1,(anonymous_5)
FNDA:0,(anonymous_6)
FNDA:1,(anonymous_7)
FNDA:1,(anonymous_8)
FNDA:1,(anonymous_9)
FNDA:0,(anonymous_10)
FNDA:1,(anonymous_11)
FNDA:1,(anonymous_12)
FNDA:0,(anonymous_13)
FNDA:0,(anonymous_14)
FNDA:0,(anonymous_15)
FNDA:0,(anonymous_16)
FNDA:0,(anonymous_17)
FNDA:0,(anonymous_18)
FNDA:1,(anonymous_19)
FNDA:3,(anonymous_20)
FNDA:3,(anonymous_21)
FNDA:0,(anonymous_22)
FNDA:0,(anonymous_23)
FNDA:0,(anonymous_24)
FNDA:0,(anonymous_25)
FNDA:0,(anonymous_26)
FNDA:5,(anonymous_27)
FNDA:4,(anonymous_28)
FNDA:8,(anonymous_29)
FNDA:12,(anonymous_30)
FNDA:0,(anonymous_31)
FNDA:0,(anonymous_32)
FNDA:1,(anonymous_33)
FNDA:0,(anonymous_34)
FNDA:1,(anonymous_35)
FNDA:0,(anonymous_36)
FNDA:6,(anonymous_37)
FNDA:5,(anonymous_38)
FNDA:0,(anonymous_39)
FNDA:0,(anonymous_40)
FNDA:0,(anonymous_41)
FNDA:0,(anonymous_42)
FNDA:0,(anonymous_43)
FNDA:5,(anonymous_44)
DA:1,1
DA:110,1
DA:126,2
DA:127,2
DA:134,0
DA:140,0
DA:141,0
DA:143,0
DA:144,0
DA:146,0
DA:147,0
DA:149,0
DA:151,0
DA:152,0
DA:154,0
DA:155,0
DA:157,0
DA:164,1
DA:165,1
DA:166,1
DA:167,1
DA:169,1
DA:172,1
DA:173,1
DA:174,1
DA:176,1
DA:180,1
DA:181,1
DA:182,1
DA:184,1
DA:186,3
DA:196,1
DA:201,1
DA:203,1
DA:204,1
DA:212,0
DA:215,1
DA:216,1
DA:219,1
DA:229,1
DA:230,1
DA:233,1
DA:235,1
DA:236,0
DA:239,1
DA:240,1
DA:244,0
DA:246,0
DA:253,0
DA:254,0
DA:262,0
DA:264,0
DA:270,0
DA:271,0
DA:275,0
DA:276,0
DA:277,0
DA:279,1
DA:280,1
DA:282,1
DA:283,0
DA:286,1
DA:287,1
DA:290,1
DA:295,1
DA:296,1
DA:297,1
DA:298,1
DA:300,1
DA:304,1
DA:305,1
DA:308,1
DA:312,1
DA:313,1
DA:316,0
DA:317,0
DA:318,0
DA:320,0
DA:321,0
DA:324,0
DA:325,0
DA:327,0
DA:328,0
DA:331,0
DA:332,0
DA:333,0
DA:335,0
DA:337,0
DA:339,0
DA:340,0
DA:341,0
DA:342,0
DA:345,0
DA:350,0
DA:351,0
DA:352,0
DA:354,0
DA:356,0
DA:358,0
DA:359,0
DA:360,0
DA:361,0
DA:364,0
DA:369,1
DA:374,1
DA:375,1
DA:377,1
DA:378,1
DA:380,1
DA:381,1
DA:384,3
DA:385,3
DA:390,0
DA:392,0
DA:395,0
DA:396,0
DA:403,1
DA:407,1
DA:410,0
DA:411,0
DA:412,0
DA:413,0
DA:415,0
DA:416,0
DA:418,0
DA:419,0
DA:422,0
DA:426,0
DA:427,0
DA:432,0
DA:436,0
DA:440,0
DA:443,0
DA:447,5
DA:448,5
DA:450,5
DA:451,0
DA:454,1
DA:474,4
DA:475,4
DA:476,4
DA:478,4
DA:490,8
DA:492,12
DA:520,0
DA:523,0
DA:526,1
DA:527,1
DA:529,0
DA:537,1
DA:538,1
DA:539,1
DA:541,1
DA:556,0
DA:560,6
DA:562,5
DA:590,0
DA:593,0
DA:596,0
DA:597,0
DA:600,0
DA:601,0
DA:603,0
DA:613,5
DA:615,5
LF:165
LH:78
BRDA:141,0,0,0
BRDA:141,0,1,0
BRDA:143,1,0,0
BRDA:143,1,1,0
BRDA:146,2,0,0
BRDA:146,2,1,0
BRDA:151,3,0,0
BRDA:151,3,1,0
BRDA:151,4,0,0
BRDA:151,4,1,0
BRDA:154,5,0,0
BRDA:154,5,1,0
BRDA:177,6,0,1
BRDA:177,6,1,0
BRDA:229,7,0,1
BRDA:235,8,0,0
BRDA:235,8,1,1
BRDA:235,9,0,0
BRDA:235,9,1,1
BRDA:239,10,0,1
BRDA:239,10,1,0
BRDA:239,11,0,1
BRDA:239,11,1,1
BRDA:244,12,0,0
BRDA:244,12,1,0
BRDA:245,13,0,0
BRDA:245,13,1,0
BRDA:253,14,0,0
BRDA:253,14,1,0
BRDA:253,15,0,0
BRDA:253,15,1,0
BRDA:254,16,0,0
BRDA:254,16,1,0
BRDA:255,17,0,0
BRDA:255,17,1,0
BRDA:270,18,0,0
BRDA:270,18,1,0
BRDA:270,19,0,0
BRDA:270,19,1,0
BRDA:270,19,2,0
BRDA:277,20,0,0
BRDA:277,20,1,0
BRDA:341,21,0,0
BRDA:341,21,1,0
BRDA:345,22,0,0
BRDA:345,22,1,0
BRDA:360,23,0,0
BRDA:360,23,1,0
BRDA:364,24,0,0
BRDA:364,24,1,0
BRDA:375,25,0,1
BRDA:378,26,0,1
BRDA:378,26,1,0
BRDA:380,27,0,1
BRDA:380,27,1,0
BRDA:387,28,0,1
BRDA:387,28,1,0
BRDA:390,29,0,0
BRDA:390,29,1,0
BRDA:397,30,0,0
BRDA:397,30,1,0
BRDA:412,31,0,0
BRDA:416,32,0,0
BRDA:416,32,1,0
BRDA:450,33,0,0
BRDA:450,33,1,5
BRDA:450,34,0,5
BRDA:450,34,1,5
BRDA:450,34,2,5
BRDA:453,35,0,0
BRDA:453,35,1,0
BRDA:460,36,0,0
BRDA:460,36,1,0
BRDA:460,36,2,0
BRDA:465,37,0,0
BRDA:465,37,1,0
BRDA:467,38,0,0
BRDA:467,38,1,0
BRDA:482,39,0,4
BRDA:482,39,1,0
BRDA:501,40,0,8
BRDA:501,40,1,4
BRDA:501,41,0,12
BRDA:501,41,1,8
BRDA:513,42,0,4
BRDA:513,42,1,8
BRDA:513,43,0,12
BRDA:513,43,1,6
BRDA:513,43,2,8
BRDA:545,44,0,1
BRDA:545,44,1,1
BRDA:545,44,2,1
BRDA:548,45,0,1
BRDA:548,45,1,0
BRDA:548,46,0,1
BRDA:548,46,1,0
BRDA:550,47,0,1
BRDA:550,47,1,0
BRDA:556,48,0,0
BRDA:556,48,1,0
BRDA:556,49,0,0
BRDA:556,49,1,0
BRDA:571,50,0,2
BRDA:571,50,1,3
BRDA:571,51,0,5
BRDA:571,51,1,4
BRDA:583,52,0,0
BRDA:583,52,1,5
BRDA:583,53,0,5
BRDA:583,53,1,0
BRDA:583,53,2,5
BRDA:596,54,0,0
BRDA:596,54,1,0
BRDA:596,55,0,0
BRDA:596,55,1,0
BRDA:617,56,0,5
BRDA:617,56,1,4
BRDA:618,57,0,5
BRDA:618,57,1,1
BRF:119
BRH:42
end_of_record
TN:
SF:src/components/inputs/multiple-slider/actions/addStop.ts
FN:3,(anonymous_0)
FN:8,(anonymous_1)
FN:15,(anonymous_2)
FN:19,(anonymous_3)
FN:21,(anonymous_4)
FN:30,(anonymous_5)
FN:34,(anonymous_6)
FN:37,(anonymous_7)
FN:46,(anonymous_8)
FNF:9
FNH:0
FNDA:0,(anonymous_0)
FNDA:0,(anonymous_1)
FNDA:0,(anonymous_2)
FNDA:0,(anonymous_3)
FNDA:0,(anonymous_4)
FNDA:0,(anonymous_5)
FNDA:0,(anonymous_6)
FNDA:0,(anonymous_7)
FNDA:0,(anonymous_8)
DA:3,1
DA:4,0
DA:5,0
DA:8,1
DA:14,0
DA:15,0
DA:19,0
DA:21,0
DA:22,0
DA:24,0
DA:25,0
DA:29,0
DA:30,0
DA:34,0
DA:36,0
DA:38,0
DA:39,0
DA:44,0
DA:46,0
LF:19
LH:2
BRDA:34,0,0,0
BRDA:34,0,1,0
BRF:2
BRH:0
end_of_record
TN:
SF:src/components/inputs/multiple-slider/actions/deleteStop.ts
FN:1,(anonymous_0)
FN:6,(anonymous_1)
FN:11,(anonymous_2)
FN:15,(anonymous_3)
FN:17,(anonymous_4)
FN:21,(anonymous_5)
FN:25,(anonymous_6)
FN:35,(anonymous_7)
FNF:8
FNH:0
FNDA:0,(anonymous_0)
FNDA:0,(anonymous_1)
FNDA:0,(anonymous_2)
FNDA:0,(anonymous_3)
FNDA:0,(anonymous_4)
FNDA:0,(anonymous_5)
FNDA:0,(anonymous_6)
FNDA:0,(anonymous_7)
DA:1,1
DA:2,0
DA:3,0
DA:6,1
DA:10,0
DA:11,0
DA:15,0
DA:17,0
DA:18,0
DA:20,0
DA:21,0
DA:24,0
DA:26,0
DA:27,0
DA:28,0
DA:33,0
DA:35,0
LF:17
LH:2
BRF:0
BRH:0
end_of_record
TN:
SF:src/components/inputs/multiple-slider/actions/shiftLeftStop.ts
FN:1,(anonymous_0)
FN:13,(anonymous_1)
FN:14,(anonymous_2)
FNF:3
FNH:0
FNDA:0,(anonymous_0)
FNDA:0,(anonymous_1)
FNDA:0,(anonymous_2)
DA:1,1
DA:9,0
DA:10,0
DA:12,0
DA:13,0
DA:15,0
DA:18,0
DA:21,0
DA:22,0
DA:24,0
DA:25,0
DA:27,0
DA:29,0
DA:32,0
LF:14
LH:1
BRDA:10,0,0,0
BRDA:10,0,1,0
BRDA:10,1,0,0
BRDA:10,1,1,0
BRDA:24,2,0,0
BRDA:24,2,1,0
BRDA:25,3,0,0
BRDA:25,3,1,0
BRF:8
BRH:0
end_of_record
TN:
SF:src/components/inputs/multiple-slider/actions/shiftRightStop.ts
FN:1,(anonymous_0)
FN:13,(anonymous_1)
FN:14,(anonymous_2)
FNF:3
FNH:0
FNDA:0,(anonymous_0)
FNDA:0,(anonymous_1)
FNDA:0,(anonymous_2)
DA:1,1
DA:9,0
DA:10,0
DA:12,0
DA:13,0
DA:15,0
DA:18,0
DA:21,0
DA:22,0
DA:24,0
DA:25,0
DA:27,0
DA:29,0
DA:32,0
LF:14
LH:1
BRDA:10,0,0,0
BRDA:10,0,1,0
BRDA:10,1,0,0
BRDA:10,1,1,0
BRDA:24,2,0,0
BRDA:24,2,1,0
BRDA:25,3,0,0
BRDA:25,3,1,0
BRF:8
BRH:0
end_of_record
TN:
SF:src/components/inputs/select/Select.tsx
FN:118,(anonymous_0)
FN:127,(anonymous_1)
FN:131,(anonymous_2)
FN:136,(anonymous_3)
FN:141,(anonymous_4)
FN:176,(anonymous_5)
FN:193,(anonymous_6)
FN:194,(anonymous_7)
FN:195,(anonymous_8)
FN:205,(anonymous_9)
FN:208,(anonymous_10)
FN:211,(anonymous_11)
FN:214,(anonymous_12)
FN:260,(anonymous_13)
FN:278,(anonymous_14)
FN:279,(anonymous_15)
FN:280,(anonymous_16)
FN:287,(anonymous_17)
FN:290,(anonymous_18)
FN:293,(anonymous_19)
FN:296,(anonymous_20)
FN:344,(anonymous_21)
FN:361,(anonymous_22)
FN:362,(anonymous_23)
FN:363,(anonymous_24)
FN:370,(anonymous_25)
FN:373,(anonymous_26)
FN:376,(anonymous_27)
FN:379,(anonymous_28)
FN:428,(anonymous_29)
FNF:30
FNH:25
FNDA:10,(anonymous_0)
FNDA:10,(anonymous_1)
FNDA:7,(anonymous_2)
FNDA:2,(anonymous_3)
FNDA:35,(anonymous_4)
FNDA:18,(anonymous_5)
FNDA:36,(anonymous_6)
FNDA:6,(anonymous_7)
FNDA:13,(anonymous_8)
FNDA:3,(anonymous_9)
FNDA:0,(anonymous_10)
FNDA:3,(anonymous_11)
FNDA:1,(anonymous_12)
FNDA:15,(anonymous_13)
FNDA:30,(anonymous_14)
FNDA:6,(anonymous_15)
FNDA:13,(anonymous_16)
FNDA:3,(anonymous_17)
FNDA:0,(anonymous_18)
FNDA:3,(anonymous_19)
FNDA:1,(anonymous_20)
FNDA:2,(anonymous_21)
FNDA:4,(anonymous_22)
FNDA:0,(anonymous_23)
FNDA:2,(anonymous_24)
FNDA:1,(anonymous_25)
FNDA:0,(anonymous_26)
FNDA:1,(anonymous_27)
FNDA:0,(anonymous_28)
FNDA:35,(anonymous_29)
DA:1,3
DA:108,10
DA:110,3
DA:119,10
DA:120,10
DA:127,10
DA:128,10
DA:131,7
DA:132,7
DA:136,2
DA:137,2
DA:141,35
DA:142,35
DA:144,35
DA:145,0
DA:154,3
DA:176,18
DA:188,18
DA:189,18
DA:191,18
DA:193,36
DA:194,18
DA:195,18
DA:196,13
DA:198,18
DA:206,3
DA:209,0
DA:212,3
DA:215,1
DA:260,15
DA:273,15
DA:274,15
DA:276,15
DA:278,30
DA:279,15
DA:280,15
DA:281,13
DA:283,15
DA:288,3
DA:291,0
DA:294,3
DA:297,1
DA:344,2
DA:356,2
DA:357,2
DA:359,2
DA:361,4
DA:362,2
DA:363,2
DA:364,2
DA:366,2
DA:371,1
DA:374,0
DA:377,1
DA:380,0
DA:429,35
DA:431,35
DA:432,20
DA:433,18
LF:59
LH:54
BRDA:144,0,0,0
BRDA:144,0,1,35
BRDA:144,1,0,35
BRDA:144,1,1,35
BRDA:144,1,2,35
BRDA:147,2,0,0
BRDA:147,2,1,0
BRDA:161,3,0,0
BRDA:161,3,1,0
BRDA:161,3,2,0
BRDA:167,4,0,0
BRDA:167,4,1,0
BRDA:169,5,0,0
BRDA:169,5,1,0
BRDA:191,6,0,18
BRDA:191,6,1,0
BRDA:193,7,0,0
BRDA:193,7,1,36
BRDA:194,8,0,0
BRDA:194,8,1,6
BRDA:196,9,0,0
BRDA:196,9,1,13
BRDA:203,10,0,18
BRDA:203,10,1,0
BRDA:206,11,0,2
BRDA:206,11,1,1
BRDA:209,12,0,0
BRDA:209,12,1,0
BRDA:212,13,0,2
BRDA:212,13,1,1
BRDA:215,14,0,1
BRDA:215,14,1,0
BRDA:226,15,0,18
BRDA:226,15,1,18
BRDA:235,16,0,18
BRDA:235,16,1,18
BRDA:238,17,0,18
BRDA:238,17,1,18
BRDA:238,17,2,0
BRDA:241,18,0,18
BRDA:241,18,1,0
BRDA:241,19,0,18
BRDA:241,19,1,18
BRDA:246,20,0,18
BRDA:246,20,1,6
BRDA:246,20,2,6
BRDA:248,21,0,6
BRDA:248,21,1,6
BRDA:249,22,0,6
BRDA:249,22,1,6
BRDA:276,23,0,15
BRDA:276,23,1,0
BRDA:278,24,0,0
BRDA:278,24,1,30
BRDA:279,25,0,0
BRDA:279,25,1,6
BRDA:281,26,0,0
BRDA:281,26,1,13
BRDA:286,27,0,15
BRDA:286,27,1,0
BRDA:288,28,0,2
BRDA:288,28,1,1
BRDA:291,29,0,0
BRDA:291,29,1,0
BRDA:294,30,0,2
BRDA:294,30,1,1
BRDA:297,31,0,1
BRDA:297,31,1,0
BRDA:309,32,0,15
BRDA:309,32,1,15
BRDA:318,33,0,15
BRDA:318,33,1,15
BRDA:321,34,0,15
BRDA:321,34,1,15
BRDA:321,34,2,0
BRDA:324,35,0,15
BRDA:324,35,1,0
BRDA:324,36,0,15
BRDA:324,36,1,15
BRDA:330,37,0,15
BRDA:330,37,1,6
BRDA:330,37,2,6
BRDA:332,38,0,6
BRDA:332,38,1,6
BRDA:333,39,0,6
BRDA:333,39,1,6
BRDA:359,40,0,2
BRDA:359,40,1,0
BRDA:361,41,0,0
BRDA:361,41,1,4
BRDA:362,42,0,0
BRDA:362,42,1,0
BRDA:364,43,0,0
BRDA:364,43,1,2
BRDA:369,44,0,2
BRDA:369,44,1,0
BRDA:371,45,0,0
BRDA:371,45,1,1
BRDA:374,46,0,0
BRDA:374,46,1,0
BRDA:377,47,0,0
BRDA:377,47,1,1
BRDA:380,48,0,0
BRDA:380,48,1,0
BRDA:392,49,0,2
BRDA:392,49,1,2
BRDA:401,50,0,2
BRDA:401,50,1,2
BRDA:404,51,0,2
BRDA:404,51,1,2
BRDA:404,51,2,0
BRDA:407,52,0,2
BRDA:407,52,1,0
BRDA:407,53,0,2
BRDA:407,53,1,2
BRDA:413,54,0,2
BRDA:413,54,1,0
BRDA:413,54,2,0
BRDA:415,55,0,0
BRDA:415,55,1,0
BRDA:416,56,0,0
BRDA:416,56,1,0
BRDA:431,57,0,15
BRDA:431,57,1,20
BRDA:432,58,0,2
BRDA:432,58,1,18
BRF:126
BRH:76
end_of_record
TN:
SF:src/components/inputs/simple-slider/SimpleSlider.tsx
FN:100,(anonymous_0)
FN:108,(anonymous_1)
FN:115,(anonymous_2)
FN:134,(anonymous_3)
FN:146,(anonymous_4)
FN:149,(anonymous_5)
FN:152,(anonymous_6)
FN:156,(anonymous_7)
FN:192,(anonymous_8)
FN:209,(anonymous_9)
FN:237,(anonymous_10)
FN:276,(anonymous_11)
FN:286,(anonymous_12)
FN:296,(anonymous_13)
FN:300,(anonymous_14)
FNF:15
FNH:5
FNDA:1,(anonymous_0)
FNDA:0,(anonymous_1)
FNDA:0,(anonymous_2)
FNDA:0,(anonymous_3)
FNDA:0,(anonymous_4)
FNDA:0,(anonymous_5)
FNDA:3,(anonymous_6)
FNDA:0,(anonymous_7)
FNDA:0,(anonymous_8)
FNDA:1,(anonymous_9)
FNDA:1,(anonymous_10)
FNDA:3,(anonymous_11)
FNDA:0,(anonymous_12)
FNDA:0,(anonymous_13)
FNDA:0,(anonymous_14)
DA:1,1
DA:93,1
DA:101,1
DA:102,1
DA:105,1
DA:108,0
DA:109,0
DA:111,0
DA:115,0
DA:120,0
DA:121,0
DA:122,0
DA:123,0
DA:124,0
DA:125,0
DA:127,0
DA:128,0
DA:134,0
DA:135,0
DA:136,0
DA:138,0
DA:141,0
DA:142,0
DA:144,0
DA:146,0
DA:147,0
DA:149,0
DA:152,3
DA:153,3
DA:156,0
DA:163,0
DA:164,0
DA:167,0
DA:169,0
DA:170,0
DA:172,0
DA:173,0
DA:175,0
DA:177,0
DA:179,0
DA:181,0
DA:182,0
DA:184,0
DA:188,0
DA:189,0
DA:192,0
DA:193,0
DA:195,0
DA:196,0
DA:197,0
DA:198,0
DA:200,0
DA:204,0
DA:205,0
DA:209,1
DA:210,1
DA:212,1
DA:213,0
DA:216,1
DA:249,1
DA:250,1
DA:252,1
DA:277,3
DA:278,3
DA:279,0
DA:280,0
DA:282,3
DA:283,3
DA:287,0
DA:288,0
DA:289,0
DA:290,0
DA:292,0
DA:293,0
DA:297,0
DA:298,0
DA:300,0
LF:77
LH:18
BRDA:111,0,0,0
BRDA:111,0,1,0
BRDA:120,1,0,0
BRDA:122,2,0,0
BRDA:122,2,1,0
BRDA:124,3,0,0
BRDA:124,3,1,0
BRDA:124,4,0,0
BRDA:124,4,1,0
BRDA:163,5,0,0
BRDA:172,6,0,0
BRDA:172,6,1,0
BRDA:172,7,0,0
BRDA:172,7,1,0
BRDA:181,8,0,0
BRDA:181,8,1,0
BRDA:182,9,0,0
BRDA:182,9,1,0
BRDA:212,10,0,0
BRDA:212,10,1,1
BRDA:212,11,0,1
BRDA:212,11,1,1
BRDA:212,11,2,1
BRDA:215,12,0,0
BRDA:215,12,1,0
BRDA:222,13,0,0
BRDA:222,13,1,0
BRDA:222,13,2,0
BRDA:227,14,0,0
BRDA:227,14,1,0
BRDA:229,15,0,0
BRDA:229,15,1,0
BRDA:277,16,0,3
BRDA:278,17,0,0
BRDA:278,17,1,3
BRDA:280,18,0,0
BRDA:280,18,1,0
BRDA:283,19,0,0
BRDA:283,19,1,3
BRDA:287,20,0,0
BRDA:288,21,0,0
BRDA:288,21,1,0
BRDA:290,22,0,0
BRDA:290,22,1,0
BRDA:293,23,0,0
BRDA:293,23,1,0
BRF:46
BRH:7
end_of_record
TN:
SF:src/components/lists/actions-item/ActionsItem.tsx
FN:73,(anonymous_0)
FN:97,(anonymous_1)
FNF:2
FNH:1
FNDA:6,(anonymous_0)
FNDA:0,(anonymous_1)
DA:1,2
DA:69,2
DA:86,6
DA:87,6
DA:98,0
DA:99,0
DA:100,0
DA:108,2
LF:8
LH:5
BRDA:91,0,0,6
BRDA:91,0,1,0
BRDA:95,1,0,0
BRDA:95,1,1,6
BRDA:96,2,0,0
BRDA:96,2,1,6
BRDA:98,3,0,0
BRDA:98,3,1,0
BRDA:98,4,0,0
BRDA:98,4,1,0
BRDA:98,4,2,0
BRDA:99,5,0,0
BRDA:99,5,1,0
BRDA:99,6,0,0
BRDA:99,6,1,0
BRDA:103,7,0,6
BRDA:103,7,1,2
BRDA:122,8,0,6
BRDA:122,8,1,3
BRDA:136,9,0,6
BRDA:136,9,1,1
BRDA:144,10,0,6
BRDA:144,10,1,5
BRDA:151,11,0,6
BRDA:151,11,1,5
BRF:25
BRH:13
end_of_record
TN:
SF:src/components/lists/actions-list/ActionsList.tsx
FN:77,(anonymous_0)
FN:80,(anonymous_1)
FN:94,(anonymous_2)
FN:126,(anonymous_3)
FN:129,(anonymous_4)
FN:140,(anonymous_5)
FN:143,(anonymous_6)
FN:154,(anonymous_7)
FN:166,(anonymous_8)
FN:169,(anonymous_9)
FN:185,(anonymous_10)
FN:193,(anonymous_11)
FN:215,(anonymous_12)
FN:224,(anonymous_13)
FN:243,(anonymous_14)
FN:264,(anonymous_15)
FN:275,(anonymous_16)
FN:283,(anonymous_17)
FN:293,(anonymous_18)
FN:299,(anonymous_19)
FN:309,(anonymous_20)
FN:313,(anonymous_21)
FN:314,(anonymous_22)
FN:316,(anonymous_23)
FN:338,(anonymous_24)
FN:357,(anonymous_25)
FN:360,(anonymous_26)
FN:367,(anonymous_27)
FN:370,(anonymous_28)
FN:371,(anonymous_29)
FN:372,(anonymous_30)
FN:393,(anonymous_31)
FN:401,(anonymous_32)
FN:411,(anonymous_33)
FN:417,(anonymous_34)
FN:424,(anonymous_35)
FN:432,(anonymous_36)
FN:457,(anonymous_37)
FN:471,(anonymous_38)
FN:492,(anonymous_39)
FN:511,(anonymous_40)
FN:539,(anonymous_41)
FNF:42
FNH:15
FNDA:0,(anonymous_0)
FNDA:10,(anonymous_1)
FNDA:7,(anonymous_2)
FNDA:3,(anonymous_3)
FNDA:3,(anonymous_4)
FNDA:0,(anonymous_5)
FNDA:0,(anonymous_6)
FNDA:0,(anonymous_7)
FNDA:0,(anonymous_8)
FNDA:0,(anonymous_9)
FNDA:0,(anonymous_10)
FNDA:0,(anonymous_11)
FNDA:0,(anonymous_12)
FNDA:0,(anonymous_13)
FNDA:12,(anonymous_14)
FNDA:11,(anonymous_15)
FNDA:85,(anonymous_16)
FNDA:65,(anonymous_17)
FNDA:65,(anonymous_18)
FNDA:0,(anonymous_19)
FNDA:0,(anonymous_20)
FNDA:3,(anonymous_21)
FNDA:0,(anonymous_22)
FNDA:65,(anonymous_23)
FNDA:6,(anonymous_24)
FNDA:0,(anonymous_25)
FNDA:0,(anonymous_26)
FNDA:0,(anonymous_27)
FNDA:0,(anonymous_28)
FNDA:0,(anonymous_29)
FNDA:0,(anonymous_30)
FNDA:0,(anonymous_31)
FNDA:0,(anonymous_32)
FNDA:0,(anonymous_33)
FNDA:0,(anonymous_34)
FNDA:0,(anonymous_35)
FNDA:0,(anonymous_36)
FNDA:17,(anonymous_37)
FNDA:0,(anonymous_38)
FNDA:114,(anonymous_39)
FNDA:16,(anonymous_40)
FNDA:0,(anonymous_41)
DA:1,5
DA:74,5
DA:77,0
DA:81,10
DA:82,10
DA:90,10
DA:91,10
DA:98,7
DA:99,7
DA:100,7
DA:104,7
DA:105,1
DA:111,7
DA:112,0
DA:113,0
DA:114,0
DA:115,0
DA:116,0
DA:117,0
DA:120,0
DA:126,3
DA:127,3
DA:129,3
DA:130,3
DA:131,3
DA:132,3
DA:135,3
DA:140,0
DA:141,0
DA:143,0
DA:144,0
DA:145,0
DA:146,0
DA:149,0
DA:154,0
DA:155,0
DA:156,0
DA:161,0
DA:162,0
DA:163,0
DA:166,0
DA:167,0
DA:169,0
DA:170,0
DA:171,0
DA:176,0
DA:178,0
DA:182,0
DA:185,0
DA:186,0
DA:187,0
DA:188,0
DA:193,0
DA:194,0
DA:195,0
DA:197,0
DA:207,5
DA:217,0
DA:219,0
DA:220,0
DA:221,0
DA:223,0
DA:224,0
DA:227,0
DA:228,0
DA:231,0
DA:233,0
DA:243,12
DA:244,12
DA:264,11
DA:265,11
DA:275,85
DA:276,85
DA:278,85
DA:283,65
DA:293,65
DA:300,0
DA:301,0
DA:302,0
DA:303,0
DA:305,0
DA:307,0
DA:310,0
DA:311,0
DA:313,3
DA:314,0
DA:316,65
DA:338,6
DA:339,6
DA:340,6
DA:342,6
DA:358,0
DA:359,0
DA:360,0
DA:361,0
DA:363,0
DA:365,0
DA:368,0
DA:370,0
DA:371,0
DA:372,0
DA:393,0
DA:394,0
DA:396,0
DA:401,0
DA:411,0
DA:418,0
DA:419,0
DA:420,0
DA:421,0
DA:423,0
DA:424,0
DA:425,0
DA:428,0
DA:432,0
DA:458,17
DA:459,17
DA:461,17
DA:471,0
DA:494,114
DA:496,114
DA:497,114
DA:498,114
DA:500,114
DA:501,11
DA:502,103
DA:503,12
DA:504,91
DA:505,85
DA:509,6
DA:510,6
DA:511,16
DA:514,6
DA:515,6
DA:518,0
DA:520,0
DA:529,0
DA:531,0
DA:539,0
LF:139
LH:53
BRDA:104,0,0,1
BRDA:104,0,1,6
BRDA:111,1,0,0
BRDA:111,1,1,7
BRDA:113,2,0,0
BRDA:113,2,1,0
BRDA:115,3,0,0
BRDA:115,3,1,0
BRDA:116,4,0,0
BRDA:116,4,1,0
BRDA:131,5,0,3
BRDA:131,5,1,0
BRDA:135,6,0,3
BRDA:135,6,1,0
BRDA:145,7,0,0
BRDA:145,7,1,0
BRDA:149,8,0,0
BRDA:149,8,1,0
BRDA:161,9,0,0
BRDA:161,9,1,0
BRDA:162,10,0,0
BRDA:162,10,1,0
BRDA:170,11,0,0
BRDA:170,11,1,0
BRDA:171,12,0,0
BRDA:171,12,1,0
BRDA:171,13,0,0
BRDA:171,13,1,0
BRDA:171,14,0,0
BRDA:171,14,1,0
BRDA:173,15,0,0
BRDA:173,15,1,0
BRDA:186,16,0,0
BRDA:186,16,1,0
BRDA:202,17,0,0
BRDA:202,17,1,0
BRDA:217,18,0,0
BRDA:217,18,1,0
BRDA:219,19,0,0
BRDA:219,19,1,0
BRDA:220,20,0,0
BRDA:220,20,1,0
BRDA:221,21,0,0
BRDA:221,21,1,0
BRDA:227,22,0,0
BRDA:227,22,1,0
BRDA:227,23,0,0
BRDA:227,23,1,0
BRDA:231,24,0,0
BRDA:231,24,1,0
BRDA:232,25,0,0
BRDA:232,25,1,0
BRDA:283,26,0,85
BRDA:283,26,1,11
BRDA:285,27,0,85
BRDA:285,27,1,0
BRDA:291,28,0,0
BRDA:291,28,1,85
BRDA:293,29,0,11
BRDA:293,29,1,74
BRDA:301,30,0,0
BRDA:301,30,1,0
BRDA:301,31,0,0
BRDA:301,31,1,0
BRDA:301,31,2,0
BRDA:302,32,0,0
BRDA:302,32,1,0
BRDA:305,33,0,0
BRDA:305,33,1,0
BRDA:310,34,0,0
BRDA:310,34,1,0
BRDA:316,35,0,85
BRDA:316,35,1,11
BRDA:330,36,0,85
BRDA:330,36,1,85
BRDA:330,36,2,0
BRDA:332,37,0,0
BRDA:332,37,1,0
BRDA:347,38,0,6
BRDA:347,38,1,0
BRDA:350,39,0,0
BRDA:350,39,1,6
BRDA:354,40,0,0
BRDA:354,40,1,6
BRDA:359,41,0,0
BRDA:359,41,1,0
BRDA:359,42,0,0
BRDA:359,42,1,0
BRDA:359,42,2,0
BRDA:360,43,0,0
BRDA:360,43,1,0
BRDA:363,44,0,0
BRDA:363,44,1,0
BRDA:368,45,0,0
BRDA:368,45,1,0
BRDA:378,46,0,6
BRDA:378,46,1,6
BRDA:378,46,2,0
BRDA:380,47,0,0
BRDA:380,47,1,0
BRDA:388,48,0,6
BRDA:388,48,1,0
BRDA:401,49,0,0
BRDA:401,49,1,0
BRDA:403,50,0,0
BRDA:403,50,1,0
BRDA:409,51,0,0
BRDA:409,51,1,0
BRDA:411,52,0,0
BRDA:411,52,1,0
BRDA:419,53,0,0
BRDA:419,53,1,0
BRDA:419,54,0,0
BRDA:419,54,1,0
BRDA:419,54,2,0
BRDA:420,55,0,0
BRDA:420,55,1,0
BRDA:423,56,0,0
BRDA:423,56,1,0
BRDA:430,57,0,0
BRDA:430,57,1,0
BRDA:432,58,0,0
BRDA:432,58,1,0
BRDA:449,59,0,0
BRDA:449,59,1,0
BRDA:449,59,2,0
BRDA:451,60,0,0
BRDA:451,60,1,0
BRDA:465,61,0,3
BRDA:465,61,1,14
BRDA:468,62,0,17
BRDA:468,62,1,3
BRDA:468,62,2,0
BRDA:468,62,3,0
BRDA:484,63,0,17
BRDA:484,63,1,0
BRDA:487,64,0,17
BRDA:487,64,1,3
BRDA:494,65,0,0
BRDA:494,65,1,114
BRDA:496,66,0,0
BRDA:496,66,1,114
BRDA:497,67,0,0
BRDA:497,67,1,114
BRDA:498,68,0,6
BRDA:498,68,1,108
BRDA:500,69,0,11
BRDA:500,69,1,103
BRDA:500,70,0,114
BRDA:500,70,1,114
BRDA:502,71,0,12
BRDA:502,71,1,91
BRDA:502,72,0,103
BRDA:502,72,1,103
BRDA:504,73,0,85
BRDA:504,73,1,6
BRDA:504,74,0,91
BRDA:504,74,1,91
BRDA:509,75,0,6
BRDA:509,75,1,0
BRDA:509,76,0,6
BRDA:509,76,1,6
BRDA:509,76,2,6
BRDA:514,77,0,6
BRDA:514,77,1,0
BRDA:518,78,0,0
BRDA:518,78,1,0
BRDA:534,79,0,17
BRDA:534,79,1,3
BRDA:534,79,2,3
BRDA:534,79,3,3
BRF:171
BRH:54
end_of_record
TN:
SF:src/components/lists/color-item/ColorItem.tsx
FN:32,(anonymous_0)
FN:40,(anonymous_1)
FN:43,(anonymous_2)
FNF:3
FNH:1
FNDA:1,(anonymous_0)
FNDA:0,(anonymous_1)
FNDA:0,(anonymous_2)
DA:1,1
DA:32,1
DA:33,1
DA:34,1
DA:36,1
DA:41,0
DA:44,0
DA:55,1
LF:8
LH:6
BRDA:33,0,0,1
BRDA:41,1,0,0
BRDA:41,1,1,0
BRDA:44,2,0,0
BRDA:44,2,1,0
BRDA:67,3,0,1
BRDA:67,3,1,0
BRF:7
BRH:2
end_of_record
TN:
SF:src/components/lists/draggable-item/DraggableItem.tsx
FN:127,(anonymous_0)
FN:137,(anonymous_1)
FN:152,(anonymous_2)
FN:161,(anonymous_3)
FN:187,(anonymous_4)
FN:195,(anonymous_5)
FN:230,(anonymous_6)
FN:233,(anonymous_7)
FN:236,(anonymous_8)
FN:239,(anonymous_9)
FN:242,(anonymous_10)
FN:273,(anonymous_11)
FN:293,(anonymous_12)
FN:304,(anonymous_13)
FNF:14
FNH:10
FNDA:7,(anonymous_0)
FNDA:1,(anonymous_1)
FNDA:1,(anonymous_2)
FNDA:1,(anonymous_3)
FNDA:1,(anonymous_4)
FNDA:13,(anonymous_5)
FNDA:0,(anonymous_6)
FNDA:1,(anonymous_7)
FNDA:1,(anonymous_8)
FNDA:1,(anonymous_9)
FNDA:1,(anonymous_10)
FNDA:0,(anonymous_11)
FNDA:0,(anonymous_12)
FNDA:0,(anonymous_13)
DA:1,2
DA:119,2
DA:128,7
DA:129,7
DA:133,7
DA:137,1
DA:138,1
DA:140,1
DA:141,1
DA:142,1
DA:143,1
DA:144,1
DA:145,1
DA:146,1
DA:147,0
DA:148,0
DA:152,1
DA:153,1
DA:155,1
DA:156,1
DA:157,1
DA:158,1
DA:161,1
DA:162,1
DA:164,1
DA:165,1
DA:166,1
DA:167,1
DA:168,1
DA:169,1
DA:171,1
DA:172,0
DA:177,1
DA:179,0
DA:187,1
DA:188,1
DA:190,1
DA:191,1
DA:213,13
DA:215,13
DA:217,13
DA:231,0
DA:234,1
DA:237,1
DA:240,1
DA:243,1
DA:250,2
DA:274,0
DA:275,0
DA:276,0
DA:293,0
DA:305,0
LF:52
LH:42
BRDA:146,0,0,0
BRDA:146,0,1,1
BRDA:171,1,0,0
BRDA:171,1,1,1
BRDA:171,2,0,1
BRDA:171,2,1,0
BRDA:176,3,0,0
BRDA:176,3,1,0
BRDA:177,4,0,0
BRDA:177,4,1,1
BRDA:178,5,0,1
BRDA:178,5,1,0
BRDA:183,6,0,0
BRDA:183,6,1,0
BRDA:223,7,0,13
BRDA:223,7,1,1
BRDA:224,8,0,13
BRDA:224,8,1,0
BRDA:225,9,0,13
BRDA:225,9,1,0
BRDA:227,10,0,13
BRDA:227,10,1,0
BRDA:227,11,0,13
BRDA:227,11,1,13
BRDA:229,12,0,0
BRDA:229,12,1,13
BRDA:231,13,0,0
BRDA:231,13,1,0
BRDA:231,14,0,0
BRDA:231,14,1,0
BRDA:234,15,0,1
BRDA:234,15,1,0
BRDA:234,16,0,1
BRDA:234,16,1,1
BRDA:237,17,0,1
BRDA:237,17,1,0
BRDA:237,18,0,1
BRDA:237,18,1,1
BRDA:240,19,0,1
BRDA:240,19,1,0
BRDA:240,20,0,1
BRDA:240,20,1,1
BRDA:243,21,0,1
BRDA:243,21,1,0
BRDA:243,22,0,1
BRDA:243,22,1,1
BRDA:260,23,0,13
BRDA:260,23,1,1
BRDA:265,24,0,0
BRDA:265,24,1,1
BRDA:267,25,0,0
BRDA:267,25,1,1
BRDA:280,26,0,13
BRDA:280,26,1,12
BRDA:285,27,0,0
BRDA:285,27,1,13
BRDA:293,28,0,13
BRDA:293,28,1,0
BRDA:297,29,0,13
BRDA:297,29,1,0
BRDA:297,29,2,0
BRDA:300,30,0,0
BRDA:300,30,1,0
BRF:63
BRH:34
end_of_record
TN:
SF:src/components/lists/keyboard-shortcut-item/KeyboardShortcutItem.tsx
FN:21,(anonymous_0)
FN:42,(anonymous_1)
FN:66,(anonymous_2)
FNF:3
FNH:3
FNDA:3,(anonymous_0)
FNDA:5,(anonymous_1)
FNDA:1,(anonymous_2)
DA:21,1
DA:22,3
DA:24,3
DA:30,1
DA:43,5
DA:67,1
LF:6
LH:6
BRDA:22,0,0,3
BRDA:22,1,0,3
BRDA:54,2,0,3
BRDA:54,2,1,1
BRF:4
BRH:4
end_of_record
TN:
SF:src/components/lists/members-list/MembersList.tsx
FN:42,(anonymous_0)
FN:50,(anonymous_1)
FN:59,(anonymous_2)
FN:70,(anonymous_3)
FN:75,(anonymous_4)
FN:102,(anonymous_5)
FN:103,(anonymous_6)
FN:117,(anonymous_7)
FNF:8
FNH:3
FNDA:4,(anonymous_0)
FNDA:4,(anonymous_1)
FNDA:9,(anonymous_2)
FNDA:0,(anonymous_3)
FNDA:0,(anonymous_4)
FNDA:0,(anonymous_5)
FNDA:0,(anonymous_6)
FNDA:0,(anonymous_7)
DA:1,1
DA:38,1
DA:43,4
DA:44,4
DA:51,4
DA:52,4
DA:54,4
DA:60,9
DA:64,9
DA:71,0
DA:76,0
DA:85,1
DA:102,0
DA:103,0
DA:118,0
LF:15
LH:10
BRDA:56,0,0,0
BRDA:56,0,1,4
BRDA:60,1,0,0
BRDA:60,1,1,9
BRDA:92,2,0,9
BRDA:92,2,1,0
BRDA:98,3,0,4
BRDA:98,3,1,2
BRDA:111,4,0,2
BRDA:111,4,1,0
BRF:10
BRH:6
end_of_record
TN:
SF:src/components/lists/sortable-list/SortableList.tsx
FN:108,(anonymous_0)
FN:128,(anonymous_1)
FN:131,(anonymous_2)
FN:134,(anonymous_3)
FN:149,(anonymous_4)
FN:155,(anonymous_5)
FN:159,(anonymous_6)
FN:181,(anonymous_7)
FN:205,(anonymous_8)
FN:221,(anonymous_9)
FN:235,(anonymous_10)
FN:239,(anonymous_11)
FN:247,(anonymous_12)
FN:251,(anonymous_13)
FN:261,(anonymous_14)
FN:289,(anonymous_15)
FNF:16
FNH:8
FNDA:1,(anonymous_0)
FNDA:1,(anonymous_1)
FNDA:0,(anonymous_2)
FNDA:0,(anonymous_3)
FNDA:2,(anonymous_4)
FNDA:10,(anonymous_5)
FNDA:10,(anonymous_6)
FNDA:0,(anonymous_7)
FNDA:1,(anonymous_8)
FNDA:0,(anonymous_9)
FNDA:0,(anonymous_10)
FNDA:0,(anonymous_11)
FNDA:0,(anonymous_12)
FNDA:0,(anonymous_13)
FNDA:2,(anonymous_14)
FNDA:10,(anonymous_15)
DA:1,1
DA:101,1
DA:109,1
DA:110,1
DA:123,1
DA:124,1
DA:128,1
DA:129,1
DA:131,0
DA:132,0
DA:134,0
DA:135,0
DA:136,0
DA:140,0
DA:149,2
DA:150,2
DA:151,2
DA:153,2
DA:154,2
DA:155,10
DA:158,2
DA:159,10
DA:162,2
DA:164,2
DA:165,2
DA:167,2
DA:169,2
DA:171,0
DA:172,2
DA:174,2
DA:176,2
DA:181,0
DA:182,0
DA:183,0
DA:185,0
DA:190,0
DA:197,0
DA:205,1
DA:211,1
DA:221,0
DA:222,0
DA:224,0
DA:225,0
DA:227,0
DA:229,0
DA:231,0
DA:232,0
DA:235,0
DA:238,0
DA:239,0
DA:242,0
DA:245,0
DA:247,0
DA:251,0
DA:252,0
DA:254,0
DA:255,0
DA:256,0
DA:257,0
DA:274,2
DA:275,2
DA:277,2
DA:278,1
DA:279,2
DA:290,10
LF:65
LH:32
BRDA:135,0,0,0
BRDA:135,0,1,0
BRDA:136,1,0,0
BRDA:136,1,1,0
BRDA:137,2,0,0
BRDA:137,2,1,0
BRDA:164,3,0,0
BRDA:164,3,1,2
BRDA:164,4,0,2
BRDA:164,4,1,0
BRDA:165,5,0,0
BRDA:165,5,1,2
BRDA:166,6,0,2
BRDA:166,6,1,0
BRDA:167,7,0,0
BRDA:167,7,1,2
BRDA:168,8,0,2
BRDA:168,8,1,0
BRDA:169,9,0,0
BRDA:169,9,1,2
BRDA:170,10,0,2
BRDA:170,10,1,0
BRDA:185,11,0,0
BRDA:185,11,1,0
BRDA:186,12,0,0
BRDA:186,12,1,0
BRDA:186,12,2,0
BRDA:200,13,0,0
BRDA:200,13,1,0
BRDA:224,14,0,0
BRDA:224,14,1,0
BRDA:231,15,0,0
BRDA:231,15,1,0
BRDA:231,16,0,0
BRDA:231,16,1,0
BRDA:245,17,0,0
BRDA:245,17,1,0
BRDA:255,18,0,0
BRDA:255,18,1,0
BRDA:255,19,0,0
BRDA:255,19,1,0
BRDA:277,20,0,0
BRDA:277,20,1,2
BRDA:277,21,0,2
BRDA:277,21,1,0
BRDA:283,22,0,2
BRDA:283,22,1,0
BRDA:284,23,0,2
BRDA:284,23,1,0
BRDA:295,24,0,10
BRDA:295,24,1,10
BRDA:295,24,2,0
BRDA:295,24,3,0
BRDA:298,25,0,0
BRDA:298,25,1,10
BRDA:299,26,0,10
BRDA:299,26,1,0
BRDA:306,27,0,0
BRDA:306,27,1,10
BRDA:311,28,0,0
BRDA:311,28,1,10
BRF:61
BRH:18
end_of_record
TN:
SF:src/components/lists/tabs/Tabs.figma.tsx
FN:15,(anonymous_0)
FN:24,(anonymous_1)
FNF:2
FNH:0
FNDA:0,(anonymous_0)
FNDA:0,(anonymous_1)
DA:4,0
DA:16,0
LF:2
LH:0
BRF:0
BRH:0
end_of_record
TN:
SF:src/components/lists/tabs/Tabs.tsx
FN:54,(anonymous_0)
FN:69,(anonymous_1)
FN:70,(anonymous_2)
FN:72,(anonymous_3)
FN:90,(anonymous_4)
FN:106,(anonymous_5)
FN:138,(anonymous_6)
FN:153,(anonymous_7)
FN:167,(anonymous_8)
FN:196,(anonymous_9)
FN:201,(anonymous_10)
FNF:11
FNH:5
FNDA:3,(anonymous_0)
FNDA:3,(anonymous_1)
FNDA:1,(anonymous_2)
FNDA:1,(anonymous_3)
FNDA:11,(anonymous_4)
FNDA:0,(anonymous_5)
FNDA:0,(anonymous_6)
FNDA:0,(anonymous_7)
FNDA:0,(anonymous_8)
FNDA:0,(anonymous_9)
FNDA:0,(anonymous_10)
DA:2,2
DA:54,2
DA:62,3
DA:64,3
DA:65,3
DA:69,3
DA:70,3
DA:71,3
DA:72,3
DA:75,3
DA:76,3
DA:78,3
DA:79,3
DA:91,11
DA:107,0
DA:108,0
DA:112,2
DA:134,0
DA:135,0
DA:137,0
DA:138,0
DA:141,0
DA:154,0
DA:168,0
DA:169,0
DA:196,0
DA:202,0
DA:206,0
DA:212,0
DA:224,0
LF:30
LH:15
BRDA:58,0,0,3
BRDA:59,1,0,3
BRDA:60,2,0,3
BRDA:75,3,0,3
BRDA:75,3,1,0
BRDA:76,4,0,0
BRDA:76,4,1,3
BRDA:78,5,0,3
BRDA:78,5,1,0
BRDA:83,6,0,3
BRDA:83,6,1,0
BRDA:87,7,0,0
BRDA:87,7,1,3
BRDA:96,8,0,11
BRDA:96,8,1,3
BRDA:97,9,0,11
BRDA:97,9,1,2
BRDA:98,10,0,11
BRDA:98,10,1,2
BRDA:99,11,0,11
BRDA:99,11,1,0
BRDA:99,11,2,0
BRDA:104,12,0,3
BRDA:104,12,1,8
BRDA:107,13,0,0
BRDA:107,13,1,0
BRDA:107,14,0,0
BRDA:107,14,1,0
BRDA:108,15,0,0
BRDA:108,15,1,0
BRDA:111,16,0,11
BRDA:111,16,1,2
BRDA:115,17,0,1
BRDA:115,17,1,1
BRDA:118,18,0,1
BRDA:118,18,1,1
BRDA:128,19,0,11
BRDA:128,19,1,2
BRDA:146,20,0,0
BRDA:146,20,1,0
BRDA:150,21,0,0
BRDA:150,21,1,0
BRDA:159,22,0,0
BRDA:159,22,1,0
BRDA:160,23,0,0
BRDA:160,23,1,0
BRDA:161,24,0,0
BRDA:161,24,1,0
BRDA:162,25,0,0
BRDA:162,25,1,0
BRDA:162,25,2,0
BRDA:165,26,0,0
BRDA:165,26,1,0
BRDA:168,27,0,0
BRDA:168,27,1,0
BRDA:168,28,0,0
BRDA:168,28,1,0
BRDA:169,29,0,0
BRDA:169,29,1,0
BRDA:172,30,0,0
BRDA:172,30,1,0
BRDA:175,31,0,0
BRDA:175,31,1,0
BRDA:177,32,0,0
BRDA:177,32,1,0
BRDA:187,33,0,0
BRDA:187,33,1,0
BRDA:191,34,0,3
BRDA:191,34,1,0
BRDA:215,35,0,0
BRDA:215,35,1,0
BRF:71
BRH:26
end_of_record
TN:
SF:src/components/slots/bar/Bar.tsx
FN:70,(anonymous_0)
FN:78,(anonymous_1)
FN:87,(anonymous_2)
FNF:3
FNH:3
FNDA:7,(anonymous_0)
FNDA:5,(anonymous_1)
FNDA:7,(anonymous_2)
DA:1,4
DA:62,4
DA:70,7
DA:74,7
DA:75,7
DA:77,7
DA:78,5
DA:79,5
DA:80,5
DA:81,5
DA:82,5
DA:84,5
DA:101,7
DA:103,7
DA:104,7
DA:105,7
DA:107,7
DA:109,7
DA:121,7
DA:122,1
DA:132,4
DA:141,6
LF:22
LH:22
BRDA:77,0,0,2
BRDA:77,0,1,5
BRDA:79,1,0,0
BRDA:79,1,1,5
BRDA:80,2,0,0
BRDA:80,2,1,5
BRDA:81,3,0,5
BRDA:81,3,1,0
BRDA:82,4,0,0
BRDA:82,4,1,5
BRDA:103,5,0,7
BRDA:103,5,1,1
BRDA:104,6,0,7
BRDA:104,6,1,6
BRDA:105,7,0,7
BRDA:105,7,1,6
BRDA:107,8,0,0
BRDA:107,8,1,7
BRDA:107,9,0,7
BRDA:107,9,1,6
BRDA:107,9,2,0
BRDA:111,10,0,7
BRDA:111,10,1,0
BRDA:112,11,0,7
BRDA:112,11,1,0
BRDA:113,12,0,7
BRDA:113,12,1,1
BRDA:114,13,0,7
BRDA:114,13,1,0
BRDA:115,14,0,7
BRDA:115,14,1,0
BRDA:116,15,0,7
BRDA:116,15,1,4
BRDA:116,15,2,2
BRDA:117,16,0,7
BRDA:117,16,1,4
BRDA:117,16,2,2
BRDA:118,17,0,7
BRDA:118,17,1,4
BRDA:118,17,2,1
BRDA:121,18,0,1
BRDA:121,18,1,6
BRF:42
BRH:32
end_of_record
TN:
SF:src/components/slots/draggable-window/DraggableWindow.tsx
FN:29,(anonymous_0)
FN:37,(anonymous_1)
FN:51,(anonymous_2)
FN:64,(anonymous_3)
FN:68,(anonymous_4)
FN:69,(anonymous_5)
FN:82,(anonymous_6)
FNF:7
FNH:0
FNDA:0,(anonymous_0)
FNDA:0,(anonymous_1)
FNDA:0,(anonymous_2)
FNDA:0,(anonymous_3)
FNDA:0,(anonymous_4)
FNDA:0,(anonymous_5)
FNDA:0,(anonymous_6)
DA:1,2
DA:29,2
DA:30,0
DA:31,0
DA:32,0
DA:33,0
DA:34,0
DA:35,0
DA:37,0
DA:38,0
DA:39,0
DA:41,0
DA:43,0
DA:47,0
DA:51,0
DA:52,0
DA:56,0
DA:57,0
DA:64,0
DA:65,0
DA:68,0
DA:69,0
DA:70,0
DA:71,0
DA:77,0
DA:78,0
DA:79,0
DA:82,0
DA:83,0
DA:84,0
DA:88,0
DA:110,2
LF:32
LH:3
BRDA:30,0,0,0
BRDA:38,1,0,0
BRDA:38,1,1,0
BRDA:38,2,0,0
BRDA:38,2,1,0
BRDA:52,3,0,0
BRDA:52,3,1,0
BRDA:53,4,0,0
BRDA:53,4,1,0
BRDA:70,5,0,0
BRDA:70,5,1,0
BRDA:77,6,0,0
BRDA:77,6,1,0
BRDA:92,7,0,0
BRDA:92,7,1,0
BRDA:96,8,0,0
BRDA:96,8,1,0
BRF:17
BRH:0
end_of_record
TN:
SF:src/components/slots/drawer/Drawer.tsx
FN:73,(anonymous_0)
FN:86,(anonymous_1)
FN:100,(anonymous_2)
FN:115,(anonymous_3)
FN:122,(anonymous_4)
FN:131,(anonymous_5)
FN:136,(anonymous_6)
FN:145,(anonymous_7)
FN:154,(anonymous_8)
FN:159,(anonymous_9)
FN:212,(anonymous_10)
FN:219,(anonymous_11)
FNF:12
FNH:5
FNDA:1,(anonymous_0)
FNDA:0,(anonymous_1)
FNDA:0,(anonymous_2)
FNDA:1,(anonymous_3)
FNDA:1,(anonymous_4)
FNDA:3,(anonymous_5)
FNDA:0,(anonymous_6)
FNDA:0,(anonymous_7)
FNDA:0,(anonymous_8)
FNDA:0,(anonymous_9)
FNDA:0,(anonymous_10)
FNDA:1,(anonymous_11)
DA:1,2
DA:69,2
DA:74,1
DA:75,1
DA:82,1
DA:86,0
DA:90,0
DA:91,0
DA:93,0
DA:94,0
DA:95,0
DA:96,0
DA:100,0
DA:101,0
DA:102,0
DA:104,0
DA:105,0
DA:107,0
DA:108,0
DA:115,1
DA:118,1
DA:119,1
DA:121,1
DA:122,1
DA:123,1
DA:124,1
DA:125,1
DA:126,1
DA:128,1
DA:131,3
DA:132,3
DA:133,3
DA:136,0
DA:137,0
DA:139,0
DA:145,0
DA:146,0
DA:148,0
DA:154,0
DA:155,0
DA:156,0
DA:159,0
DA:160,0
DA:161,0
DA:162,0
DA:164,0
DA:166,0
DA:167,0
DA:169,0
DA:171,0
DA:173,0
DA:175,0
DA:176,0
DA:177,0
DA:178,0
DA:179,0
DA:180,0
DA:181,0
DA:182,0
DA:183,0
DA:184,0
DA:185,0
DA:186,0
DA:189,0
DA:192,0
DA:196,0
DA:200,0
DA:202,0
DA:210,0
DA:212,0
DA:213,0
DA:214,0
DA:229,1
DA:230,1
DA:232,1
DA:252,2
LF:76
LH:22
BRDA:93,0,0,0
BRDA:93,0,1,0
BRDA:93,1,0,0
BRDA:93,1,1,0
BRDA:94,2,0,0
BRDA:94,2,1,0
BRDA:95,3,0,0
BRDA:95,3,1,0
BRDA:95,4,0,0
BRDA:95,4,1,0
BRDA:96,5,0,0
BRDA:96,5,1,0
BRDA:107,6,0,0
BRDA:107,6,1,0
BRDA:109,7,0,0
BRDA:109,7,1,0
BRDA:121,8,0,0
BRDA:121,8,1,1
BRDA:123,9,0,1
BRDA:123,9,1,0
BRDA:124,10,0,0
BRDA:124,10,1,1
BRDA:125,11,0,0
BRDA:125,11,1,1
BRDA:126,12,0,0
BRDA:126,12,1,1
BRDA:132,13,0,0
BRDA:132,13,1,3
BRDA:133,14,0,3
BRDA:133,14,1,0
BRDA:164,15,0,0
BRDA:164,15,1,0
BRDA:169,16,0,0
BRDA:169,16,1,0
BRDA:173,17,0,0
BRDA:173,17,1,0
BRDA:175,18,0,0
BRDA:175,18,1,0
BRDA:178,19,0,0
BRDA:178,19,1,0
BRDA:181,20,0,0
BRDA:181,20,1,0
BRDA:184,21,0,0
BRDA:184,21,1,0
BRDA:192,22,0,0
BRDA:192,22,1,0
BRDA:193,23,0,0
BRDA:193,23,1,0
BRDA:194,24,0,0
BRDA:194,24,1,0
BRDA:196,25,0,0
BRDA:196,25,1,0
BRDA:197,26,0,0
BRDA:197,26,1,0
BRDA:198,27,0,0
BRDA:198,27,1,0
BRDA:204,28,0,0
BRDA:204,28,1,0
BRDA:211,29,0,0
BRDA:211,29,1,0
BRDA:237,30,0,1
BRDA:237,30,1,0
BRDA:249,31,0,1
BRDA:249,31,1,0
BRDA:255,32,0,1
BRDA:255,32,1,0
BRDA:256,33,0,1
BRDA:256,33,1,0
BRDA:257,34,0,1
BRDA:257,34,1,1
BRDA:258,35,0,1
BRDA:258,35,1,0
BRDA:264,36,0,1
BRDA:264,36,1,0
BRF:74
BRH:15
end_of_record
TN:
SF:src/components/slots/form-item/FormItem.tsx
FN:56,(anonymous_0)
FNF:1
FNH:1
FNDA:5,(anonymous_0)
DA:56,3
DA:67,5
DA:69,5
DA:86,3
LF:4
LH:4
BRDA:61,0,0,5
BRDA:62,1,0,5
BRDA:63,2,0,5
BRDA:64,3,0,5
BRDA:65,4,0,5
BRDA:73,5,0,5
BRDA:73,5,1,3
BRDA:74,6,0,5
BRDA:74,6,1,1
BRDA:75,7,0,5
BRDA:75,7,1,0
BRDA:76,8,0,5
BRDA:76,8,1,0
BRDA:79,9,0,2
BRDA:79,9,1,3
BRDA:85,10,0,5
BRDA:85,10,1,5
BRDA:100,11,0,5
BRDA:100,11,1,0
BRDA:109,12,0,5
BRDA:109,12,1,2
BRDA:117,13,0,2
BRDA:117,13,1,0
BRF:23
BRH:19
end_of_record
TN:
SF:src/components/slots/layout/Layout.tsx
FN:41,(anonymous_0)
FN:55,(anonymous_1)
FNF:2
FNH:2
FNDA:2,(anonymous_0)
FNDA:5,(anonymous_1)
DA:41,1
DA:42,2
DA:44,2
DA:56,5
DA:59,1
LF:5
LH:5
BRDA:42,0,0,2
BRDA:42,1,0,2
BRDA:49,2,0,2
BRDA:49,2,1,2
BRDA:50,3,0,2
BRDA:50,3,1,2
BRDA:56,4,0,5
BRDA:56,4,1,5
BRDA:57,5,0,0
BRDA:57,5,1,5
BRDA:57,6,0,5
BRDA:57,6,1,0
BRDA:65,7,0,5
BRDA:65,7,1,0
BRDA:66,8,0,5
BRDA:66,8,1,0
BRDA:68,9,0,5
BRDA:68,9,1,0
BRDA:69,10,0,5
BRDA:69,10,1,0
BRDA:70,11,0,5
BRDA:70,11,1,3
BRDA:74,12,0,3
BRDA:74,12,1,2
BRF:24
BRH:18
end_of_record
TN:
SF:src/components/slots/list/List.tsx
FN:51,(anonymous_0)
FN:65,(anonymous_1)
FNF:2
FNH:1
FNDA:3,(anonymous_0)
FNDA:0,(anonymous_1)
DA:1,1
DA:51,1
DA:62,3
DA:63,3
DA:65,3
DA:66,0
DA:67,0
DA:68,0
DA:71,3
DA:92,1
LF:10
LH:7
BRDA:55,0,0,3
BRDA:56,1,0,3
BRDA:58,2,0,3
BRDA:59,3,0,3
BRDA:60,4,0,3
BRDA:61,5,0,3
BRDA:67,6,0,0
BRDA:67,6,1,0
BRDA:67,7,0,0
BRDA:67,7,1,0
BRDA:80,8,0,3
BRDA:80,8,1,1
BRDA:81,9,0,3
BRDA:81,9,1,1
BRDA:82,10,0,3
BRDA:82,10,1,0
BRDA:83,11,0,3
BRDA:83,11,1,0
BRDA:84,12,0,3
BRDA:84,12,1,0
BRDA:85,13,0,3
BRDA:85,13,1,0
BRDA:90,14,0,1
BRDA:90,14,1,2
BRF:24
BRH:16
end_of_record
TN:
SF:src/components/slots/popin/Popin.tsx
FN:91,(anonymous_0)
FNF:1
FNH:1
FNDA:6,(anonymous_0)
DA:91,1
DA:104,6
DA:106,6
DA:123,1
LF:4
LH:4
BRDA:94,0,0,6
BRDA:100,1,0,6
BRDA:101,2,0,6
BRDA:109,3,0,6
BRDA:109,3,1,0
BRDA:110,4,0,0
BRDA:110,4,1,6
BRDA:112,5,0,0
BRDA:112,5,1,6
BRDA:113,6,0,6
BRDA:113,6,1,0
BRDA:134,7,0,6
BRDA:134,7,1,0
BRDA:145,8,0,6
BRDA:145,8,1,1
BRDA:146,9,0,6
BRDA:146,9,1,1
BRDA:151,10,0,1
BRDA:151,10,1,5
BRDA:160,11,0,6
BRDA:160,11,1,2
BRDA:160,11,2,4
BRDA:170,12,0,4
BRDA:170,12,1,1
BRDA:178,13,0,4
BRDA:178,13,1,1
BRDA:193,14,0,4
BRDA:193,14,1,3
BRDA:200,15,0,3
BRDA:200,15,1,0
BRDA:205,16,0,1
BRDA:205,16,1,2
BRDA:212,17,0,4
BRDA:212,17,1,1
BRDA:219,18,0,1
BRDA:219,18,1,0
BRDA:224,19,0,1
BRDA:224,19,1,0
BRDA:231,20,0,4
BRDA:231,20,1,3
BRDA:238,21,0,3
BRDA:238,21,1,0
BRDA:243,22,0,1
BRDA:243,22,1,2
BRF:44
BRH:35
end_of_record
TN:
SF:src/components/slots/section/Section.tsx
FN:30,(anonymous_0)
FN:37,(anonymous_1)
FN:46,(anonymous_2)
FN:60,(anonymous_3)
FNF:4
FNH:3
FNDA:6,(anonymous_0)
FNDA:0,(anonymous_1)
FNDA:6,(anonymous_2)
FNDA:11,(anonymous_3)
DA:1,2
DA:30,6
DA:33,6
DA:34,6
DA:36,6
DA:37,0
DA:38,0
DA:39,0
DA:40,0
DA:41,0
DA:43,0
DA:47,6
DA:49,6
DA:58,2
DA:60,11
LF:15
LH:9
BRDA:36,0,0,6
BRDA:36,0,1,0
BRDA:38,1,0,0
BRDA:38,1,1,0
BRDA:39,2,0,0
BRDA:39,2,1,0
BRDA:40,3,0,0
BRDA:40,3,1,0
BRDA:41,4,0,0
BRDA:41,4,1,0
BRDA:58,5,0,6
BRDA:58,5,1,6
BRDA:60,6,0,11
BRDA:60,6,1,0
BRDA:60,6,2,11
BRDA:66,7,0,11
BRDA:66,7,1,0
BRDA:67,8,0,11
BRDA:67,8,1,0
BRDA:68,9,0,11
BRDA:68,9,1,5
BRF:21
BRH:9
end_of_record
TN:
SF:src/components/slots/simple-item/SimpleItem.tsx
FN:53,(anonymous_0)
FN:78,(anonymous_1)
FN:111,(anonymous_2)
FNF:3
FNH:1
FNDA:18,(anonymous_0)
FNDA:0,(anonymous_1)
FNDA:0,(anonymous_2)
DA:1,4
DA:46,4
DA:63,18
DA:65,18
DA:66,0
DA:79,0
DA:80,0
DA:81,0
DA:82,0
DA:86,4
DA:100,18
DA:112,0
DA:113,0
DA:114,0
LF:14
LH:6
BRDA:65,0,0,0
BRDA:65,0,1,18
BRDA:71,1,0,0
BRDA:71,1,1,0
BRDA:72,2,0,0
BRDA:72,2,1,0
BRDA:73,3,0,0
BRDA:73,3,1,0
BRDA:74,4,0,0
BRDA:74,4,1,0
BRDA:76,5,0,0
BRDA:76,5,1,0
BRDA:77,6,0,0
BRDA:77,6,1,0
BRDA:79,7,0,0
BRDA:79,7,1,0
BRDA:79,8,0,0
BRDA:79,8,1,0
BRDA:79,8,2,0
BRDA:81,9,0,0
BRDA:81,9,1,0
BRDA:81,10,0,0
BRDA:81,10,1,0
BRDA:84,11,0,0
BRDA:84,11,1,0
BRDA:105,12,0,18
BRDA:105,12,1,0
BRDA:106,13,0,18
BRDA:106,13,1,0
BRDA:107,14,0,18
BRDA:107,14,1,0
BRDA:109,15,0,0
BRDA:109,15,1,18
BRDA:110,16,0,0
BRDA:110,16,1,18
BRDA:112,17,0,0
BRDA:112,17,1,0
BRDA:112,18,0,0
BRDA:112,18,1,0
BRDA:112,18,2,0
BRDA:113,19,0,0
BRDA:113,19,1,0
BRDA:113,20,0,0
BRDA:113,20,1,0
BRDA:116,21,0,0
BRDA:116,21,1,18
BRF:46
BRH:7
end_of_record
TN:
SF:src/components/tags/chip/Chip.figma.tsx
FN:15,(anonymous_0)
FNF:1
FNH:0
FNDA:0,(anonymous_0)
DA:4,0
DA:15,0
LF:2
LH:0
BRF:0
BRH:0
end_of_record
TN:
SF:src/components/tags/chip/Chip.tsx
FN:47,(anonymous_0)
FN:60,(anonymous_1)
FN:64,(anonymous_2)
FN:67,(anonymous_3)
FN:70,(anonymous_4)
FN:74,(anonymous_5)
FN:77,(anonymous_6)
FNF:7
FNH:1
FNDA:9,(anonymous_0)
FNDA:0,(anonymous_1)
FNDA:0,(anonymous_2)
FNDA:0,(anonymous_3)
FNDA:0,(anonymous_4)
FNDA:0,(anonymous_5)
FNDA:0,(anonymous_6)
DA:1,29
DA:47,29
DA:48,9
DA:49,9
DA:51,9
DA:61,0
DA:62,0
DA:65,0
DA:68,0
DA:71,0
DA:72,0
DA:75,0
DA:78,0
DA:88,29
LF:14
LH:6
BRDA:48,0,0,9
BRDA:48,1,0,9
BRDA:55,2,0,9
BRDA:55,2,1,0
BRDA:56,3,0,9
BRDA:56,3,1,1
BRDA:57,4,0,9
BRDA:57,4,1,0
BRDA:57,5,0,9
BRDA:57,5,1,9
BRDA:57,5,2,0
BRDA:61,6,0,0
BRDA:61,6,1,0
BRDA:65,7,0,0
BRDA:65,7,1,0
BRDA:68,8,0,0
BRDA:68,8,1,0
BRDA:71,9,0,0
BRDA:71,9,1,0
BRDA:71,10,0,0
BRDA:71,10,1,0
BRDA:71,10,2,0
BRDA:75,11,0,0
BRDA:75,11,1,0
BRDA:78,12,0,0
BRDA:78,12,1,0
BRDA:80,13,0,0
BRDA:80,13,1,9
BRDA:80,14,0,9
BRDA:80,14,1,9
BRDA:82,15,0,0
BRDA:82,15,1,9
BRDA:82,16,0,9
BRDA:82,16,1,9
BRDA:84,17,0,0
BRDA:84,17,1,9
BRDA:85,18,0,0
BRDA:85,18,1,9
BRDA:87,19,0,9
BRDA:87,19,1,1
BRDA:95,20,0,9
BRDA:95,20,1,9
BRDA:107,21,0,9
BRDA:107,21,1,1
BRDA:115,22,0,9
BRDA:115,22,1,0
BRDA:117,23,0,0
BRDA:117,23,1,0
BRF:48
BRH:23
end_of_record
TN:
SF:src/components/tags/color-chip/ColorChip.tsx
FN:44,(anonymous_0)
FN:51,(anonymous_1)
FN:62,(anonymous_2)
FN:65,(anonymous_3)
FNF:4
FNH:2
FNDA:2,(anonymous_0)
FNDA:2,(anonymous_1)
FNDA:0,(anonymous_2)
FNDA:0,(anonymous_3)
DA:1,2
DA:39,2
DA:45,2
DA:46,2
DA:52,2
DA:53,2
DA:55,2
DA:63,0
DA:65,0
DA:68,2
LF:10
LH:8
BRDA:59,0,0,2
BRDA:59,0,1,2
BRDA:63,1,0,0
BRDA:63,1,1,0
BRDA:68,2,0,2
BRDA:68,2,1,0
BRF:6
BRH:3
end_of_record
TN:
SF:src/components/tags/icon-chip/IconChip.tsx
FN:52,(anonymous_0)
FN:59,(anonymous_1)
FN:66,(anonymous_2)
FN:69,(anonymous_3)
FNF:4
FNH:2
FNDA:2,(anonymous_0)
FNDA:2,(anonymous_1)
FNDA:0,(anonymous_2)
FNDA:0,(anonymous_3)
DA:1,28
DA:46,28
DA:53,2
DA:54,2
DA:60,2
DA:61,2
DA:63,2
DA:67,0
DA:69,0
DA:72,28
LF:10
LH:8
BRDA:77,0,0,2
BRDA:77,0,1,0
BRF:2
BRH:1
end_of_record
TN:
SF:src/components/tags/tooltip/Tooltip.tsx
FN:27,(anonymous_0)
FN:33,(anonymous_1)
FNF:2
FNH:2
FNDA:108,(anonymous_0)
FNDA:25,(anonymous_1)
DA:1,31
DA:27,31
DA:28,108
DA:29,108
DA:30,108
DA:31,108
DA:33,108
DA:34,25
DA:35,25
DA:36,25
DA:37,25
DA:38,25
DA:39,0
DA:40,25
DA:44,108
DA:72,31
LF:16
LH:15
BRDA:28,0,0,108
BRDA:28,1,0,108
BRDA:35,2,0,25
BRDA:35,2,1,0
BRDA:37,3,0,15
BRDA:37,3,1,10
BRDA:38,4,0,0
BRDA:38,4,1,25
BRDA:48,5,0,108
BRDA:48,5,1,88
BRDA:49,6,0,108
BRDA:49,6,1,6
BRDA:50,7,0,108
BRDA:50,7,1,10
BRDA:51,8,0,108
BRDA:51,8,1,98
BRDA:56,9,0,83
BRDA:56,9,1,25
BRDA:71,10,0,108
BRDA:71,10,1,6
BRF:20
BRH:18
end_of_record
TN:
SF:src/tests/setup.ts
FN:6,(anonymous_0)
FNF:1
FNH:0
FNDA:0,(anonymous_0)
DA:6,0
DA:7,0
LF:2
LH:0
BRF:0
BRH:0
end_of_record
TN:
SF:src/types/consent.types.ts
FNF:0
FNH:0
LF:0
LH:0
BRF:0
BRH:0
end_of_record
TN:
SF:src/types/icon.types.ts
FNF:0
FNH:0
LF:0
LH:0
BRF:0
BRH:0
end_of_record
TN:
SF:src/types/list.types.ts
FNF:0
FNH:0
LF:0
LH:0
BRF:0
BRH:0
end_of_record
